Change Component Comment : Designator=R14 Old Comment=1k New Comment=10K
Change Component Comment : Designator=R16 Old Comment=1k New Comment=330R
Change Component Comment : Designator=C16 Old Comment=10UF New Comment=4.7UF
Change Component Comment : Designator=C3 Old Comment=EEEFC1E101P New Comment=100UF
Change Component Comment : Designator=C7 Old Comment=EEEFC1E101P New Comment=100UF
Change Component Comment : Designator=C12 Old Comment=EEEFC1E101P New Comment=100UF
Change Component Comment : Designator=D1 Old Comment=MBRS330T3G New Comment=Schottky Diode
Change Component Comment : Designator=D2 Old Comment=MBRS330T3G New Comment=Schottky Diode
Change Component Comment : Designator=L1 Old Comment=MSS1278-223MLB New Comment=22UH
Change Component Comment : Designator=L2 Old Comment=MSS1278-223MLB New Comment=22UH
Change Component Description : Designator=C16 Old Description=0.47 ÂµF Â±20% 10V Ceramic Capacitor X5R 0805 (2012 Metric) New Description=Capacitor, ceramic, 10 V, X5R, 20%, 4.7 µF, 0805
Change Component Description : Designator=C1 Old Description=10µF Â±20% 25V Ceramic Capacitor 1206 (3216 Metric) New Description=CAP CER 10UF 16V X5R 1206
Change Component Description : Designator=C2 Old Description=10µF Â±20% 25V Ceramic Capacitor 1206 (3216 Metric) New Description=CAP CER 10UF 16V X5R 1206
Change Component Description : Designator=R13 Old Description=51 Ohms Â±5% 0.1W, 1/10W Chip Resistor 0603 (1608 Metric) Moisture Resistant Thick Film New Description=Resistor, chip, 1/16 W, 1%, 1.21 kO, 0603
Change Component Description : Designator=R11 Old Description=51 Ohms Â±5% 0.1W, 1/10W Chip Resistor 0603 (1608 Metric) Moisture Resistant Thick Film New Description=Resistor, chip, 1/16 W, 1%, 3.83 kO, 0603
Change Component Description : Designator=R10 Old Description=51 Ohms Â±5% 0.1W, 1/10W Chip Resistor 0603 (1608 Metric) Moisture Resistant Thick Film New Description=Resistor, chip, 1/16 W, 1%, 6.34 kO, 0603
Change Component Description : Designator=R7 Old Description=51 Ohms Â±5% 0.1W, 1/10W Chip Resistor 0603 (1608 Metric) Moisture Resistant Thick Film New Description=Resistor, chip, 1/16 W, 1%, 20 kO, 0603
Change Component Description : Designator=R8 Old Description=51 Ohms Â±5% 0.1W, 1/10W Chip Resistor 0603 (1608 Metric) Moisture Resistant Thick Film New Description=Resistor, chip, 1/16 W, 1%, 20 kO, 0603
Change Component Description : Designator=R12 Old Description=51 Ohms Â±5% 0.1W, 1/10W Chip Resistor 0603 (1608 Metric) Moisture Resistant Thick Film New Description=Resistor, chip, 1/16 W, 1%, 845 O, 0603
Change Component Description : Designator=R6 Old Description=51 Ohms Â±5% 0.1W, 1/10W Chip Resistor 0603 (1608 Metric) Moisture Resistant Thick Film New Description=Resistor, chip, 1/16 W, 5%, 51 O, 0603
Change Component Description : Designator=R9 Old Description=51 Ohms Â±5% 0.1W, 1/10W Chip Resistor 0603 (1608 Metric) Moisture Resistant Thick Film New Description=Resistor, chip, 1/16 W, 5%, 51 O, 0603
Change Component Description : Designator=C18 Old Description=0603 C 100nF Ceramic Multilayer Capacitor, 25 V, +125degC, X7R Dielectric, +/-5% New Description=Capacitor, ceramic, 25 V, X7R, 20%, 6.8 nF, 0603
Change Component Description : Designator=C17 Old Description=0603 C 100nF Ceramic Multilayer Capacitor, 25 V, +125degC, X7R Dielectric, +/-5% New Description=Capacitor, ceramic, 25 V, X7R, 20%, 10 nF, 0603
Change Component Description : Designator=C7 Old Description=Capacitor,Alum Electrolytic,Cap 100 uF,Tol 20%,Vol-Rtg 25 VDC,SMT,8x10.2,TR New Description=Capacitor, aluminum, 10 V, 20%, FC series, 100 µF,
0.335 x 0.374
Change Component Description : Designator=C12 Old Description=Capacitor,Alum Electrolytic,Cap 100 uF,Tol 20%,Vol-Rtg 25 VDC,SMT,8x10.2,TR New Description=Capacitor, aluminum, 10 V, 20%, FC series, 100 µF,
0.335 x 0.374
Change Component Description : Designator=C3 Old Description=Capacitor,Alum Electrolytic,Cap 100 uF,Tol 20%,Vol-Rtg 25 VDC,SMT,8x10.2,TR New Description=Capacitor, aluminum, 25 V, ±20%, 100 µF, 0.328 x 0.390
inch
Change Component Description : Designator=L1 Old Description=Fixed Inductors 22uH Shld 20% 4A 39.5mOhms AECQ2 New Description=Inductor, Power, 6.8 A, 0.038 O, 22 µH, 0.484 x 0.484
inch
Change Component Description : Designator=L2 Old Description=Fixed Inductors 22uH Shld 20% 4A 39.5mOhms AECQ2 New Description=Inductor, Power, 6.8 A, 0.038 O, 22 µH, 0.484 x 0.484
inch
