Removed Pin From Net: NetName=3V3 Pin=1-4
Removed Pin From Net: NetName=GND Pin=1-6
Removed Pin From Net: NetName=GND Pin=1-9
Removed Pin From Net: NetName=GND Pin=1-10
Removed Pin From Net: NetName=GND Pin=1-11
Removed Pin From Net: NetName=GND Pin=1-12
Removed Pin From Net: NetName=GND Pin=C19-2
Removed Pin From Net: NetName=GND Pin=C20-2
Removed Pin From Net: NetName=GND Pin=C21-1
Removed Pin From Net: NetName=GND Pin=C22-1
Removed Pin From Net: NetName=GND Pin=C23-2
Removed Pin From Net: NetName=3V3 Pin=C24-1
Removed Pin From Net: NetName=GND Pin=C24-2
Removed Pin From Net: NetName=GND Pin=C25-1
Removed Pin From Net: NetName=GND Pin=C26-1
Removed Pin From Net: NetName=3V3 Pin=C26-2
Removed Pin From Net: NetName=GND Pin=C27-1
Removed Pin From Net: NetName=3V3 Pin=C27-2
Removed Pin From Net: NetName=GND Pin=C28-2
Removed Pin From Net: NetName=GND Pin=C29-2
Removed Pin From Net: NetName=GND Pin=C30-1
Removed Pin From Net: NetName=3V3 Pin=C30-2
Removed Pin From Net: NetName=GND Pin=C31-1
Removed Pin From Net: NetName=3V3 Pin=C31-2
Removed Pin From Net: NetName=GND Pin=C32-1
Removed Pin From Net: NetName=3V3 Pin=C32-2
Removed Pin From Net: NetName=GND Pin=C33-1
Removed Pin From Net: NetName=3V3 Pin=C33-2
Removed Pin From Net: NetName=3V3 Pin=D3-A
Removed Pin From Net: NetName=3V3 Pin=J4-05
Removed Pin From Net: NetName=GND Pin=J4-06
Removed Pin From Net: NetName=3V3 Pin=J5-05
Removed Pin From Net: NetName=GND Pin=J5-06
Removed Pin From Net: NetName=3V3 Pin=J6-01
Removed Pin From Net: NetName=GND Pin=J6-03
Removed Pin From Net: NetName=GND Pin=J7-NEG
Removed Pin From Net: NetName=GND Pin=J8-03
Removed Pin From Net: NetName=GND Pin=LD4-1
Removed Pin From Net: NetName=GND Pin=LD5-1
Removed Pin From Net: NetName=3V3 Pin=R18-1
Removed Pin From Net: NetName=3V3 Pin=R21-2
Removed Pin From Net: NetName=3V3 Pin=R30-1
Removed Pin From Net: NetName=GND Pin=S1-1
Removed Pin From Net: NetName=GND Pin=S1-3
Removed Pin From Net: NetName=GND Pin=U2-12
Removed Pin From Net: NetName=3V3 Pin=U2-13
Removed Pin From Net: NetName=GND Pin=U2-18
Removed Pin From Net: NetName=3V3 Pin=U2-19
Removed Pin From Net: NetName=GND Pin=U2-31
Removed Pin From Net: NetName=3V3 Pin=U2-32
Removed Pin From Net: NetName=GND Pin=U2-47
Removed Pin From Net: NetName=3V3 Pin=U2-48
Removed Pin From Net: NetName=GND Pin=U2-63
Removed Pin From Net: NetName=3V3 Pin=U2-64
Removed Pin From Net: NetName=3V3 Pin=U3-1
Removed Pin From Net: NetName=GND Pin=U3-4
Removed Pin From Net: NetName=GND Pin=U3-SH1
Removed Pin From Net: NetName=GND Pin=U3-SH2
Removed Pin From Net: NetName=GND Pin=U3-SH3
Removed Pin From Net: NetName=GND Pin=U3-SH4
Change Component Description : Designator=C17 Old Description=0603 C 100nF Ceramic Multilayer Capacitor, 25 V, +125degC, X7R Dielectric, +/-5% New Description=0603 C 100nF Ceramic Multilayer Capacitor, 25 V, +125degC, X7R Dielectric, +/-5% | KEMET C0603C104J3RACTU
Change Component Description : Designator=C18 Old Description=0603 C 100nF Ceramic Multilayer Capacitor, 25 V, +125degC, X7R Dielectric, +/-5% New Description=0603 C 100nF Ceramic Multilayer Capacitor, 25 V, +125degC, X7R Dielectric, +/-5% | KEMET C0603C104J3RACTU
Change Component Description : Designator=C3 Old Description=Capacitor,Alum Electrolytic,Cap 100 uF,Tol 20%,Vol-Rtg 25 VDC,SMT,8x10.2,TR New Description=Capacitor,Alum Electrolytic,Cap 100 uF,Tol 20%,Vol-Rtg 25 VDC,SMT,8x10.2,TR | Panasonic Electronic Components EEE-FC1E101P
Change Component Description : Designator=C7 Old Description=Capacitor,Alum Electrolytic,Cap 100 uF,Tol 20%,Vol-Rtg 25 VDC,SMT,8x10.2,TR New Description=Capacitor,Alum Electrolytic,Cap 100 uF,Tol 20%,Vol-Rtg 25 VDC,SMT,8x10.2,TR | Panasonic Electronic Components EEE-FC1E101P
Change Component Description : Designator=C12 Old Description=Capacitor,Alum Electrolytic,Cap 100 uF,Tol 20%,Vol-Rtg 25 VDC,SMT,8x10.2,TR New Description=Capacitor,Alum Electrolytic,Cap 100 uF,Tol 20%,Vol-Rtg 25 VDC,SMT,8x10.2,TR | Panasonic Electronic Components EEE-FC1E101P
