Removed Pin From Net: NetName=GND Pin=J1-01
Removed Pin From Net: NetName=TPS Sequance Pin=J1-02
Removed Pin From Net: NetName=TPS BP Pin=J1-03
Removed Pin From Net: NetName=NetLD1_2 Pin=R14-1
Removed Pin From Net: NetName=+24V Pin=R14-2
Removed Pin From Net: NetName=+24V Pin=R15-2
Removed Pin From Net: NetName=NetLD2_2 Pin=R16-1
Removed Pin From Net: NetName=+5V Pin=R16-2
Removed Pin From Net: NetName=NetLD3_2 Pin=R17-1
Removed Pin From Net: NetName=3V3 Pin=R17-2
Removed Member From Class: ClassName=Power section Member=J1
Removed Member From Class: ClassName=Power section Member=R14
Removed Member From Class: ClassName=Power section Member=R15
Removed Member From Class: ClassName=Power section Member=R16
Removed Member From Class: ClassName=Power section Member=R17
Add Component: Footprint Not Found GCT_MEM2067-02-180-00-A_REVB
Added Component: Designator=P?(LIST_1x3_SMD)
Add component (AddParameter): Name = "Artikkelnr Noca"; Value = "N.A."; VariantName = "[No Variations]"
Add component (AddParameter): Name = "Assembly"; Value = ""; VariantName = "[No Variations]"
Add component (AddParameter): Name = "Author"; Value = "rsk"; VariantName = "[No Variations]"
Add component (AddParameter): Name = "Component Class"; Value = "Connectors"; VariantName = "[No Variations]"
Add component (AddParameter): Name = "Component Status"; Value = "Active"; VariantName = "[No Variations]"
Add component (AddParameter): Name = "ComponentLink1Description"; Value = "Datasheet"; VariantName = "[No Variations]"
Add component (AddParameter): Name = "ComponentLink1URL"; Value = "N.A."; VariantName = "[No Variations]"
Add component (AddParameter): Name = "ComponentLink2Description"; Value = "Supplier link"; VariantName = "[No Variations]"
Add component (AddParameter): Name = "ComponentLink2URL"; Value = "N.A."; VariantName = "[No Variations]"
Add component (AddParameter): Name = "Footprint Doc"; Value = "LIST_1x3_SMD"; VariantName = "[No Variations]"
Add component (AddParameter): Name = "HelpURL"; Value = "N.A."; VariantName = "[No Variations]"
Add component (AddParameter): Name = "LatestRevisionDate"; Value = "2021-09-24"; VariantName = "[No Variations]"
Add component (AddParameter): Name = "Manufacturer"; Value = "W-CON"; VariantName = "[No Variations]"
Add component (AddParameter): Name = "Manufacturer Part Number"; Value = "1125-1103S0M116CR02"; VariantName = "[No Variations]"
Add component (AddParameter): Name = "Note"; Value = "N.A."; VariantName = "[No Variations]"
Add component (AddParameter): Name = "Pad Count"; Value = "3"; VariantName = "[No Variations]"
Add component (AddParameter): Name = "Part Number"; Value = "Pin List 1x3 SMD"; VariantName = "[No Variations]"
Add component (AddParameter): Name = "Part number IPS"; Value = "N.A."; VariantName = "[No Variations]"
Add component (AddParameter): Name = "Part number NEMS"; Value = "100500306"; VariantName = "[No Variations]"
Add component (AddParameter): Name = "Part number Norautron"; Value = "26470016"; VariantName = "[No Variations]"
Add component (AddParameter): Name = "PartId"; Value = "100500306"; VariantName = "[No Variations]"
Add component (AddParameter): Name = "Published"; Value = "2013-10-21"; VariantName = "[No Variations]"
Add component (AddParameter): Name = "Supplier 1"; Value = "Cabcon"; VariantName = "[No Variations]"
Add component (AddParameter): Name = "Supplier 2"; Value = "Samtec"; VariantName = "[No Variations]"
Add component (AddParameter): Name = "Supplier Part Number 1"; Value = "1125-1103S0M116CR02"; VariantName = "[No Variations]"
Add component (AddParameter): Name = "Supplier Part Number 2"; Value = "TSM-103-01-L-SV-P-TR"; VariantName = "[No Variations]"
Add component (AddParameter): Name = "System"; Value = "Connector"; VariantName = "[No Variations]"
Add component (AddParameter): Name = "Value"; Value = "Pin List 1x3"; VariantName = "[No Variations]"
Added Component: Designator=P?(LIST_1x3_SMD)
Add component (AddParameter): Name = "Artikkelnr Noca"; Value = "N.A."; VariantName = "[No Variations]"
Add component (AddParameter): Name = "Assembly"; Value = ""; VariantName = "[No Variations]"
Add component (AddParameter): Name = "Author"; Value = "rsk"; VariantName = "[No Variations]"
Add component (AddParameter): Name = "Component Class"; Value = "Connectors"; VariantName = "[No Variations]"
Add component (AddParameter): Name = "Component Status"; Value = "Active"; VariantName = "[No Variations]"
Add component (AddParameter): Name = "ComponentLink1Description"; Value = "Datasheet"; VariantName = "[No Variations]"
Add component (AddParameter): Name = "ComponentLink1URL"; Value = "N.A."; VariantName = "[No Variations]"
Add component (AddParameter): Name = "ComponentLink2Description"; Value = "Supplier link"; VariantName = "[No Variations]"
Add component (AddParameter): Name = "ComponentLink2URL"; Value = "N.A."; VariantName = "[No Variations]"
Add component (AddParameter): Name = "Footprint Doc"; Value = "LIST_1x3_SMD"; VariantName = "[No Variations]"
Add component (AddParameter): Name = "HelpURL"; Value = "N.A."; VariantName = "[No Variations]"
Add component (AddParameter): Name = "LatestRevisionDate"; Value = "2021-09-24"; VariantName = "[No Variations]"
Add component (AddParameter): Name = "Manufacturer"; Value = "W-CON"; VariantName = "[No Variations]"
Add component (AddParameter): Name = "Manufacturer Part Number"; Value = "1125-1103S0M116CR02"; VariantName = "[No Variations]"
Add component (AddParameter): Name = "Note"; Value = "N.A."; VariantName = "[No Variations]"
Add component (AddParameter): Name = "Pad Count"; Value = "3"; VariantName = "[No Variations]"
Add component (AddParameter): Name = "Part Number"; Value = "Pin List 1x3 SMD"; VariantName = "[No Variations]"
Add component (AddParameter): Name = "Part number IPS"; Value = "N.A."; VariantName = "[No Variations]"
Add component (AddParameter): Name = "Part number NEMS"; Value = "100500306"; VariantName = "[No Variations]"
Add component (AddParameter): Name = "Part number Norautron"; Value = "26470016"; VariantName = "[No Variations]"
Add component (AddParameter): Name = "PartId"; Value = "100500306"; VariantName = "[No Variations]"
Add component (AddParameter): Name = "Published"; Value = "2013-10-21"; VariantName = "[No Variations]"
Add component (AddParameter): Name = "Supplier 1"; Value = "Cabcon"; VariantName = "[No Variations]"
Add component (AddParameter): Name = "Supplier 2"; Value = "Samtec"; VariantName = "[No Variations]"
Add component (AddParameter): Name = "Supplier Part Number 1"; Value = "1125-1103S0M116CR02"; VariantName = "[No Variations]"
Add component (AddParameter): Name = "Supplier Part Number 2"; Value = "TSM-103-01-L-SV-P-TR"; VariantName = "[No Variations]"
Add component (AddParameter): Name = "System"; Value = "Connector"; VariantName = "[No Variations]"
Add component (AddParameter): Name = "Value"; Value = "Pin List 1x3"; VariantName = "[No Variations]"
Added Component: Designator=R?(RESC0603X03L_C)
Add component (AddParameter): Name = "Artikkelnr Noca"; Value = "N.A."; VariantName = "[No Variations]"
Add component (AddParameter): Name = "Assembly"; Value = ""; VariantName = "[No Variations]"
Add component (AddParameter): Name = "Author"; Value = "rsk"; VariantName = "[No Variations]"
Add component (AddParameter): Name = "Component Class"; Value = "Resistors"; VariantName = "[No Variations]"
Add component (AddParameter): Name = "Component Status"; Value = "Active"; VariantName = "[No Variations]"
Add component (AddParameter): Name = "ComponentLink1Description"; Value = "Datasheet"; VariantName = "[No Variations]"
Add component (AddParameter): Name = "ComponentLink1URL"; Value = "N.A."; VariantName = "[No Variations]"
Add component (AddParameter): Name = "ComponentLink2Description"; Value = "Supplier link"; VariantName = "[No Variations]"
Add component (AddParameter): Name = "ComponentLink2URL"; Value = "N.A."; VariantName = "[No Variations]"
Add component (AddParameter): Name = "Footprint Doc"; Value = "0201"; VariantName = "[No Variations]"
Add component (AddParameter): Name = "HelpURL"; Value = "N.A."; VariantName = "[No Variations]"
Add component (AddParameter): Name = "LatestRevisionDate"; Value = "2014-11-13"; VariantName = "[No Variations]"
Add component (AddParameter): Name = "Manufacturer"; Value = "N.A."; VariantName = "[No Variations]"
Add component (AddParameter): Name = "Manufacturer Part Number"; Value = "N.A."; VariantName = "[No Variations]"
Add component (AddParameter): Name = "Note"; Value = "Chip Res 1%"; VariantName = "[No Variations]"
Add component (AddParameter): Name = "Pad Count"; Value = "2"; VariantName = "[No Variations]"
Add component (AddParameter): Name = "Part Number"; Value = "R0201-1k0"; VariantName = "[No Variations]"
Add component (AddParameter): Name = "Part number IPS"; Value = "00000005786"; VariantName = "[No Variations]"
Add component (AddParameter): Name = "Part number NEMS"; Value = "100100043"; VariantName = "[No Variations]"
Add component (AddParameter): Name = "Part number Norautron"; Value = "N.A."; VariantName = "[No Variations]"
Add component (AddParameter): Name = "PartId"; Value = "100100043"; VariantName = "[No Variations]"
Add component (AddParameter): Name = "Published"; Value = "2014-11-13"; VariantName = "[No Variations]"
Add component (AddParameter): Name = "Supplier 1"; Value = "N.A."; VariantName = "[No Variations]"
Add component (AddParameter): Name = "Supplier 2"; Value = "N.A."; VariantName = "[No Variations]"
Add component (AddParameter): Name = "Supplier Part Number 1"; Value = "N.A."; VariantName = "[No Variations]"
Add component (AddParameter): Name = "Supplier Part Number 2"; Value = "N.A."; VariantName = "[No Variations]"
Add component (AddParameter): Name = "Value"; Value = "1k"; VariantName = "[No Variations]"
Added Component: Designator=R?(RESC0603X03L_C)
Add component (AddParameter): Name = "Artikkelnr Noca"; Value = "N.A."; VariantName = "[No Variations]"
Add component (AddParameter): Name = "Assembly"; Value = ""; VariantName = "[No Variations]"
Add component (AddParameter): Name = "Author"; Value = "rsk"; VariantName = "[No Variations]"
Add component (AddParameter): Name = "Component Class"; Value = "Resistors"; VariantName = "[No Variations]"
Add component (AddParameter): Name = "Component Status"; Value = "Active"; VariantName = "[No Variations]"
Add component (AddParameter): Name = "ComponentLink1Description"; Value = "Datasheet"; VariantName = "[No Variations]"
Add component (AddParameter): Name = "ComponentLink1URL"; Value = "N.A."; VariantName = "[No Variations]"
Add component (AddParameter): Name = "ComponentLink2Description"; Value = "Supplier link"; VariantName = "[No Variations]"
Add component (AddParameter): Name = "ComponentLink2URL"; Value = "N.A."; VariantName = "[No Variations]"
Add component (AddParameter): Name = "Footprint Doc"; Value = "0201"; VariantName = "[No Variations]"
Add component (AddParameter): Name = "HelpURL"; Value = "N.A."; VariantName = "[No Variations]"
Add component (AddParameter): Name = "LatestRevisionDate"; Value = "2014-11-13"; VariantName = "[No Variations]"
Add component (AddParameter): Name = "Manufacturer"; Value = "N.A."; VariantName = "[No Variations]"
Add component (AddParameter): Name = "Manufacturer Part Number"; Value = "N.A."; VariantName = "[No Variations]"
Add component (AddParameter): Name = "Note"; Value = "Chip Res 1%"; VariantName = "[No Variations]"
Add component (AddParameter): Name = "Pad Count"; Value = "2"; VariantName = "[No Variations]"
Add component (AddParameter): Name = "Part Number"; Value = "R0201-1k0"; VariantName = "[No Variations]"
Add component (AddParameter): Name = "Part number IPS"; Value = "00000005786"; VariantName = "[No Variations]"
Add component (AddParameter): Name = "Part number NEMS"; Value = "100100043"; VariantName = "[No Variations]"
Add component (AddParameter): Name = "Part number Norautron"; Value = "N.A."; VariantName = "[No Variations]"
Add component (AddParameter): Name = "PartId"; Value = "100100043"; VariantName = "[No Variations]"
Add component (AddParameter): Name = "Published"; Value = "2014-11-13"; VariantName = "[No Variations]"
Add component (AddParameter): Name = "Supplier 1"; Value = "N.A."; VariantName = "[No Variations]"
Add component (AddParameter): Name = "Supplier 2"; Value = "N.A."; VariantName = "[No Variations]"
Add component (AddParameter): Name = "Supplier Part Number 1"; Value = "N.A."; VariantName = "[No Variations]"
Add component (AddParameter): Name = "Supplier Part Number 2"; Value = "N.A."; VariantName = "[No Variations]"
Add component (AddParameter): Name = "Value"; Value = "1k"; VariantName = "[No Variations]"
Added Component: Designator=R?(RESC0603X03L_C)
Add component (AddParameter): Name = "Artikkelnr Noca"; Value = "N.A."; VariantName = "[No Variations]"
Add component (AddParameter): Name = "Assembly"; Value = ""; VariantName = "[No Variations]"
Add component (AddParameter): Name = "Author"; Value = "rsk"; VariantName = "[No Variations]"
Add component (AddParameter): Name = "Component Class"; Value = "Resistors"; VariantName = "[No Variations]"
Add component (AddParameter): Name = "Component Status"; Value = "Active"; VariantName = "[No Variations]"
Add component (AddParameter): Name = "ComponentLink1Description"; Value = "Datasheet"; VariantName = "[No Variations]"
Add component (AddParameter): Name = "ComponentLink1URL"; Value = "N.A."; VariantName = "[No Variations]"
Add component (AddParameter): Name = "ComponentLink2Description"; Value = "Supplier link"; VariantName = "[No Variations]"
Add component (AddParameter): Name = "ComponentLink2URL"; Value = "N.A."; VariantName = "[No Variations]"
Add component (AddParameter): Name = "Footprint Doc"; Value = "0201"; VariantName = "[No Variations]"
Add component (AddParameter): Name = "HelpURL"; Value = "N.A."; VariantName = "[No Variations]"
Add component (AddParameter): Name = "LatestRevisionDate"; Value = "2014-11-13"; VariantName = "[No Variations]"
Add component (AddParameter): Name = "Manufacturer"; Value = "N.A."; VariantName = "[No Variations]"
Add component (AddParameter): Name = "Manufacturer Part Number"; Value = "N.A."; VariantName = "[No Variations]"
Add component (AddParameter): Name = "Note"; Value = "Chip Res 1%"; VariantName = "[No Variations]"
Add component (AddParameter): Name = "Pad Count"; Value = "2"; VariantName = "[No Variations]"
Add component (AddParameter): Name = "Part Number"; Value = "R0201-1k0"; VariantName = "[No Variations]"
Add component (AddParameter): Name = "Part number IPS"; Value = "00000005786"; VariantName = "[No Variations]"
Add component (AddParameter): Name = "Part number NEMS"; Value = "100100043"; VariantName = "[No Variations]"
Add component (AddParameter): Name = "Part number Norautron"; Value = "N.A."; VariantName = "[No Variations]"
Add component (AddParameter): Name = "PartId"; Value = "100100043"; VariantName = "[No Variations]"
Add component (AddParameter): Name = "Published"; Value = "2014-11-13"; VariantName = "[No Variations]"
Add component (AddParameter): Name = "Supplier 1"; Value = "N.A."; VariantName = "[No Variations]"
Add component (AddParameter): Name = "Supplier 2"; Value = "N.A."; VariantName = "[No Variations]"
Add component (AddParameter): Name = "Supplier Part Number 1"; Value = "N.A."; VariantName = "[No Variations]"
Add component (AddParameter): Name = "Supplier Part Number 2"; Value = "N.A."; VariantName = "[No Variations]"
Add component (AddParameter): Name = "Value"; Value = "1k"; VariantName = "[No Variations]"
Add Component: Footprint Not Found IC_TPS27S100BPWPR
Add Pin To Net: Unknown Pin: Pin 1-1
Add Pin To Net: Unknown Pin: Pin 1-2
Add Pin To Net: Unknown Pin: Pin 1-3
Add Pin To Net: Unknown Pin: Pin 1-4
Add Pin To Net: Unknown Pin: Pin 1-5
Add Pin To Net: Unknown Pin: Pin 1-6
Add Pin To Net: Unknown Pin: Pin 1-7
Add Pin To Net: Unknown Pin: Pin 1-8
Add Pin To Net: Unknown Pin: Pin 1-9
Add Pin To Net: Unknown Pin: Pin 1-10
Add Pin To Net: Unknown Pin: Pin 1-11
Add Pin To Net: Unknown Pin: Pin 1-12
Added Pin To Net: NetName=+24V Pin=J3-2
Added Pin To Net: NetName=GND Pin=P?-1
Added Pin To Net: NetName=GND Pin=P?-1
Added Pin To Net: NetName=GND Pin=P?-1
Added Pin To Net: NetName=GND Pin=P?-1
Added Pin To Net: NetName=TPS ILIM2 Pin=P?-2
Added Pin To Net: NetName=TPS ILIM2 Pin=P?-2
Added Pin To Net: NetName=TPS Sequance Pin=P?-2
Added Pin To Net: NetName=TPS Sequance Pin=P?-2
Added Pin To Net: NetName=TPS BP Pin=P?-3
Added Pin To Net: NetName=TPS BP Pin=P?-3
Added Pin To Net: NetName=TPS BP Pin=P?-3
Added Pin To Net: NetName=TPS BP Pin=P?-3
Added Pin To Net: NetName=3V3 Pin=R?-1
Added Pin To Net: NetName=+5V Pin=R?-1
Added Pin To Net: NetName=+24V Pin=R?-1
Added Pin To Net: NetName=NetLD1_2 Pin=R?-2
Added Pin To Net: NetName=NetLD2_2 Pin=R?-2
Added Pin To Net: NetName=NetLD3_2 Pin=R?-2
Add Pin To Net: Unknown Pin: Pin U1-1
Add Pin To Net: Unknown Pin: Pin U1-2
Add Pin To Net: Unknown Pin: Pin U1-3
Add Pin To Net: Unknown Pin: Pin U1-4
Add Pin To Net: Unknown Pin: Pin U1-5
Add Pin To Net: Unknown Pin: Pin U1-6
Add Pin To Net: Unknown Pin: Pin U1-7
Add Pin To Net: Unknown Pin: Pin U1-8
Add Pin To Net: Unknown Pin: Pin U1-9
Add Pin To Net: Unknown Pin: Pin U1-10
Add Pin To Net: Unknown Pin: Pin U1-11
Add Pin To Net: Unknown Pin: Pin U1-12
Add Pin To Net: Unknown Pin: Pin U1-13
Add Pin To Net: Unknown Pin: Pin U1-14
Add Pin To Net: Unknown Pin: Pin U1-15
Add Class Member: Failed to add class member : Component 1 MEM2067-02-180-00-A_REVB
Added Member To Class: ClassName=Power section Member=Component P? Pin List 1x3
Added Member To Class: ClassName=Power section Member=Component P? Pin List 1x3
Added Member To Class: ClassName=Power section Member=Component R? 1k
Added Member To Class: ClassName=Power section Member=Component R? 1k
Added Member To Class: ClassName=Power section Member=Component R? 1k
Add Class Member: Failed to add class member : Component U1 TPS54383PWP
