Change Component Designator: OldDesignator=C1 NewDesignator=C3
Change Component Designator: OldDesignator=C2 NewDesignator=C1
Change Component Designator: OldDesignator=C3 NewDesignator=C2
Change Component Designator: OldDesignator=C4 NewDesignator=C5
Change Component Designator: OldDesignator=C5 NewDesignator=C6
Change Component Designator: OldDesignator=C6 NewDesignator=C4
Change Component Designator: OldDesignator=C7 NewDesignator=C11
Change Component Designator: OldDesignator=C8 NewDesignator=C16
Change Component Designator: OldDesignator=C9 NewDesignator=C17
Change Component Designator: OldDesignator=C11 NewDesignator=C18
Change Component Designator: OldDesignator=C12 NewDesignator=C8
Change Component Designator: OldDesignator=C14 NewDesignator=C9
Change Component Designator: OldDesignator=C16 NewDesignator=C14
Change Component Designator: OldDesignator=C17 NewDesignator=C7
Change Component Designator: OldDesignator=C18 NewDesignator=C12
Change Component Designator: OldDesignator=D1 NewDesignator=D2
Change Component Designator: OldDesignator=D2 NewDesignator=D1
Change Component Designator: OldDesignator=J1 NewDesignator=J5
Change Component Designator: OldDesignator=J2 NewDesignator=J4
Change Component Designator: OldDesignator=J3 NewDesignator=J6
Change Component Designator: OldDesignator=J4 NewDesignator=J7
Change Component Designator: OldDesignator=J5 NewDesignator=J1
Change Component Designator: OldDesignator=J6 NewDesignator=J3
Change Component Designator: OldDesignator=J7 NewDesignator=J2
Change Component Designator: OldDesignator=R1 NewDesignator=R14
Change Component Designator: OldDesignator=R3 NewDesignator=R15
Change Component Designator: OldDesignator=R4 NewDesignator=R1
Change Component Designator: OldDesignator=R5 NewDesignator=R16
Change Component Designator: OldDesignator=R6 NewDesignator=R3
Change Component Designator: OldDesignator=R7 NewDesignator=R4
Change Component Designator: OldDesignator=R8 NewDesignator=R11
Change Component Designator: OldDesignator=R9 NewDesignator=R5
Change Component Designator: OldDesignator=R11 NewDesignator=R7
Change Component Designator: OldDesignator=R13 NewDesignator=R6
Change Component Designator: OldDesignator=R14 NewDesignator=R13
Change Component Designator: OldDesignator=R15 NewDesignator=R8
Change Component Designator: OldDesignator=R16 NewDesignator=R9
Change Component Designator: OldDesignator=TP2 NewDesignator=TP4
Change Component Designator: OldDesignator=TP4 NewDesignator=TP6
Change Component Designator: OldDesignator=TP5 NewDesignator=TP7
Change Component Designator: OldDesignator=TP6 NewDesignator=TP8
Change Component Designator: OldDesignator=TP7 NewDesignator=TP9
Change Component Designator: OldDesignator=TP8 NewDesignator=TP2
Change Component Designator: OldDesignator=TP9 NewDesignator=TP5
Added Member To Class: ClassName=Power section Member=Component C1 10 UF
Added Member To Class: ClassName=Power section Member=Component C3 EEEFC1E101P
Added Member To Class: ClassName=Power section Member=Component C6 470 PF
Added Member To Class: ClassName=Power section Member=Component C8 0.1UF
Added Member To Class: ClassName=Power section Member=Component C9 10UF
Added Member To Class: ClassName=Power section Member=Component C16 10UF
Added Member To Class: ClassName=Power section Member=Component C17 10NF
Added Member To Class: ClassName=Power section Member=Component C18 6.8NF
Added Member To Class: ClassName=Power section Member=Component D2 MBRS330T3G
Added Member To Class: ClassName=Power section Member=Component J4 Header 3
Added Member To Class: ClassName=Power section Member=Component J6 Header 3
Added Member To Class: ClassName=Power section Member=Component J7 Header 3
Added Member To Class: ClassName=Power section Member=Component R4 10R
Added Member To Class: ClassName=Power section Member=Component R5 10R
Added Member To Class: ClassName=Power section Member=Component R6 51R
Added Member To Class: ClassName=Power section Member=Component R11 3.83R
Added Member To Class: ClassName=Power section Member=Component R14 1k
Added Member To Class: ClassName=Power section Member=Component R16 1k
Added Member To Class: ClassName=Power section Member=Component TP8 Ř0.7mm,SMD
Added Member To Class: ClassName=Power section Member=Component TP9 Ř0.7mm,SMD
