Add Component: Footprint Not Found GCT_MEM2067-02-180-00-A_REVB
Added Component: Designator=C1(CAPC3216X180N)
Add component (AddParameter): Name = "Check_prices"; Value = "https://www.snapeda.com/parts/C3216X5R1E106M160AB/TDK/view-part/?ref=eda"; VariantName = "[No Variations]"
Add component (AddParameter): Name = "Digi-Key_Part_Number"; Value = "445-7708-2-ND"; VariantName = "[No Variations]"
Add component (AddParameter): Name = "MF"; Value = "TDK"; VariantName = "[No Variations]"
Add component (AddParameter): Name = "MP"; Value = "C3216X5R1E106M160AB"; VariantName = "[No Variations]"
Add component (AddParameter): Name = "Package"; Value = "3216 TDK"; VariantName = "[No Variations]"
Add component (AddParameter): Name = "Purchase-URL"; Value = "https://pricing.snapeda.com/search/part/C3216X5R1E106M160AB/?ref=eda"; VariantName = "[No Variations]"
Add component (AddParameter): Name = "SnapEDA_Link"; Value = "https://www.snapeda.com/parts/C3216X5R1E106M160AB/TDK/view-part/?ref=snap"; VariantName = "[No Variations]"
Add component (AddParameter): Name = "Value"; Value = ""; VariantName = "[No Variations]"
Added Component: Designator=C2(CAPC3216X180N)
Add component (AddParameter): Name = "Check_prices"; Value = "https://www.snapeda.com/parts/C3216X5R1E106M160AB/TDK/view-part/?ref=eda"; VariantName = "[No Variations]"
Add component (AddParameter): Name = "Digi-Key_Part_Number"; Value = "445-7708-2-ND"; VariantName = "[No Variations]"
Add component (AddParameter): Name = "MF"; Value = "TDK"; VariantName = "[No Variations]"
Add component (AddParameter): Name = "MP"; Value = "C3216X5R1E106M160AB"; VariantName = "[No Variations]"
Add component (AddParameter): Name = "Package"; Value = "3216 TDK"; VariantName = "[No Variations]"
Add component (AddParameter): Name = "Purchase-URL"; Value = "https://pricing.snapeda.com/search/part/C3216X5R1E106M160AB/?ref=eda"; VariantName = "[No Variations]"
Add component (AddParameter): Name = "SnapEDA_Link"; Value = "https://www.snapeda.com/parts/C3216X5R1E106M160AB/TDK/view-part/?ref=snap"; VariantName = "[No Variations]"
Add component (AddParameter): Name = "Value"; Value = ""; VariantName = "[No Variations]"
Added Component: Designator=C3(CAP_EEEFC1E101P)
Add component (AddParameter): Name = "Check_prices"; Value = "https://www.snapeda.com/parts/EEE-FC1E101P/Panasonic+Electronic+Components/view-part/?ref=eda"; VariantName = "[No Variations]"
Add component (AddParameter): Name = "MF"; Value = "Panasonic"; VariantName = "[No Variations]"
Add component (AddParameter): Name = "MP"; Value = "EEE-FC1E101P"; VariantName = "[No Variations]"
Add component (AddParameter): Name = "Package"; Value = "RADIAL-2 Panasonic"; VariantName = "[No Variations]"
Add component (AddParameter): Name = "SnapEDA_Link"; Value = "https://www.snapeda.com/parts/EEE-FC1E101P/Panasonic+Electronic+Components/view-part/?ref=snap"; VariantName = "[No Variations]"
Add component (AddParameter): Name = "Value"; Value = ""; VariantName = "[No Variations]"
Added Component: Designator=C4(CAPC1608X90)
Add component (AddParameter): Name = "Check_prices"; Value = "https://www.snapeda.com/parts/C0603C104J3RACTU/KEMET/view-part/?ref=eda"; VariantName = "[No Variations]"
Add component (AddParameter): Name = "MF"; Value = "KEMET"; VariantName = "[No Variations]"
Add component (AddParameter): Name = "MP"; Value = "C0603C104J3RACTU"; VariantName = "[No Variations]"
Add component (AddParameter): Name = "Package"; Value = "603-2 KEMET"; VariantName = "[No Variations]"
Add component (AddParameter): Name = "SnapEDA_Link"; Value = "https://www.snapeda.com/parts/C0603C104J3RACTU/KEMET/view-part/?ref=snap"; VariantName = "[No Variations]"
Add component (AddParameter): Name = "Value"; Value = ""; VariantName = "[No Variations]"
Added Component: Designator=C5(CAPC1608X90)
Add component (AddParameter): Name = "Check_prices"; Value = "https://www.snapeda.com/parts/C0603C104J3RACTU/KEMET/view-part/?ref=eda"; VariantName = "[No Variations]"
Add component (AddParameter): Name = "MF"; Value = "KEMET"; VariantName = "[No Variations]"
Add component (AddParameter): Name = "MP"; Value = "C0603C104J3RACTU"; VariantName = "[No Variations]"
Add component (AddParameter): Name = "Package"; Value = "603-2 KEMET"; VariantName = "[No Variations]"
Add component (AddParameter): Name = "SnapEDA_Link"; Value = "https://www.snapeda.com/parts/C0603C104J3RACTU/KEMET/view-part/?ref=snap"; VariantName = "[No Variations]"
Add component (AddParameter): Name = "Value"; Value = ""; VariantName = "[No Variations]"
Added Component: Designator=C6(CAPC1608X90)
Add component (AddParameter): Name = "Check_prices"; Value = "https://www.snapeda.com/parts/C0603C104J3RACTU/KEMET/view-part/?ref=eda"; VariantName = "[No Variations]"
Add component (AddParameter): Name = "MF"; Value = "KEMET"; VariantName = "[No Variations]"
Add component (AddParameter): Name = "MP"; Value = "C0603C104J3RACTU"; VariantName = "[No Variations]"
Add component (AddParameter): Name = "Package"; Value = "603-2 KEMET"; VariantName = "[No Variations]"
Add component (AddParameter): Name = "SnapEDA_Link"; Value = "https://www.snapeda.com/parts/C0603C104J3RACTU/KEMET/view-part/?ref=snap"; VariantName = "[No Variations]"
Add component (AddParameter): Name = "Value"; Value = ""; VariantName = "[No Variations]"
Added Component: Designator=C7(CAP_EEEFC1E101P)
Add component (AddParameter): Name = "Check_prices"; Value = "https://www.snapeda.com/parts/EEE-FC1E101P/Panasonic+Electronic+Components/view-part/?ref=eda"; VariantName = "[No Variations]"
Add component (AddParameter): Name = "MF"; Value = "Panasonic"; VariantName = "[No Variations]"
Add component (AddParameter): Name = "MP"; Value = "EEE-FC1E101P"; VariantName = "[No Variations]"
Add component (AddParameter): Name = "Package"; Value = "RADIAL-2 Panasonic"; VariantName = "[No Variations]"
Add component (AddParameter): Name = "SnapEDA_Link"; Value = "https://www.snapeda.com/parts/EEE-FC1E101P/Panasonic+Electronic+Components/view-part/?ref=snap"; VariantName = "[No Variations]"
Add component (AddParameter): Name = "Value"; Value = ""; VariantName = "[No Variations]"
Added Component: Designator=C8(CAPC1608X90)
Add component (AddParameter): Name = "Check_prices"; Value = "https://www.snapeda.com/parts/C0603C104J3RACTU/KEMET/view-part/?ref=eda"; VariantName = "[No Variations]"
Add component (AddParameter): Name = "MF"; Value = "KEMET"; VariantName = "[No Variations]"
Add component (AddParameter): Name = "MP"; Value = "C0603C104J3RACTU"; VariantName = "[No Variations]"
Add component (AddParameter): Name = "Package"; Value = "603-2 KEMET"; VariantName = "[No Variations]"
Add component (AddParameter): Name = "SnapEDA_Link"; Value = "https://www.snapeda.com/parts/C0603C104J3RACTU/KEMET/view-part/?ref=snap"; VariantName = "[No Variations]"
Add component (AddParameter): Name = "Value"; Value = ""; VariantName = "[No Variations]"
Added Component: Designator=C9(CAPC2012X140N)
Add component (AddParameter): Name = "Check_prices"; Value = "https://www.snapeda.com/parts/0805ZD474MAT2A/AVX/view-part/?ref=eda"; VariantName = "[No Variations]"
Add component (AddParameter): Name = "MF"; Value = "AVX"; VariantName = "[No Variations]"
Add component (AddParameter): Name = "MP"; Value = "0805ZD474MAT2A"; VariantName = "[No Variations]"
Add component (AddParameter): Name = "Package"; Value = "0805-2 AVX"; VariantName = "[No Variations]"
Add component (AddParameter): Name = "SnapEDA_Link"; Value = "https://www.snapeda.com/parts/0805ZD474MAT2A/AVX/view-part/?ref=snap"; VariantName = "[No Variations]"
Add component (AddParameter): Name = "Value"; Value = ""; VariantName = "[No Variations]"
Added Component: Designator=C10(CAPC2012X140N)
Add component (AddParameter): Name = "Check_prices"; Value = "https://www.snapeda.com/parts/0805ZD474MAT2A/AVX/view-part/?ref=eda"; VariantName = "[No Variations]"
Add component (AddParameter): Name = "MF"; Value = "AVX"; VariantName = "[No Variations]"
Add component (AddParameter): Name = "MP"; Value = "0805ZD474MAT2A"; VariantName = "[No Variations]"
Add component (AddParameter): Name = "Package"; Value = "0805-2 AVX"; VariantName = "[No Variations]"
Add component (AddParameter): Name = "SnapEDA_Link"; Value = "https://www.snapeda.com/parts/0805ZD474MAT2A/AVX/view-part/?ref=snap"; VariantName = "[No Variations]"
Add component (AddParameter): Name = "Value"; Value = ""; VariantName = "[No Variations]"
Added Component: Designator=C11(CAPC1608X90)
Add component (AddParameter): Name = "Check_prices"; Value = "https://www.snapeda.com/parts/C0603C104J3RACTU/KEMET/view-part/?ref=eda"; VariantName = "[No Variations]"
Add component (AddParameter): Name = "MF"; Value = "KEMET"; VariantName = "[No Variations]"
Add component (AddParameter): Name = "MP"; Value = "C0603C104J3RACTU"; VariantName = "[No Variations]"
Add component (AddParameter): Name = "Package"; Value = "603-2 KEMET"; VariantName = "[No Variations]"
Add component (AddParameter): Name = "SnapEDA_Link"; Value = "https://www.snapeda.com/parts/C0603C104J3RACTU/KEMET/view-part/?ref=snap"; VariantName = "[No Variations]"
Add component (AddParameter): Name = "Value"; Value = ""; VariantName = "[No Variations]"
Added Component: Designator=C12(CAP_EEEFC1E101P)
Add component (AddParameter): Name = "Check_prices"; Value = "https://www.snapeda.com/parts/EEE-FC1E101P/Panasonic+Electronic+Components/view-part/?ref=eda"; VariantName = "[No Variations]"
Add component (AddParameter): Name = "MF"; Value = "Panasonic"; VariantName = "[No Variations]"
Add component (AddParameter): Name = "MP"; Value = "EEE-FC1E101P"; VariantName = "[No Variations]"
Add component (AddParameter): Name = "Package"; Value = "RADIAL-2 Panasonic"; VariantName = "[No Variations]"
Add component (AddParameter): Name = "SnapEDA_Link"; Value = "https://www.snapeda.com/parts/EEE-FC1E101P/Panasonic+Electronic+Components/view-part/?ref=snap"; VariantName = "[No Variations]"
Add component (AddParameter): Name = "Value"; Value = ""; VariantName = "[No Variations]"
Added Component: Designator=C13(CAPC2012X140N)
Add component (AddParameter): Name = "Check_prices"; Value = "https://www.snapeda.com/parts/0805ZD474MAT2A/AVX/view-part/?ref=eda"; VariantName = "[No Variations]"
Add component (AddParameter): Name = "MF"; Value = "AVX"; VariantName = "[No Variations]"
Add component (AddParameter): Name = "MP"; Value = "0805ZD474MAT2A"; VariantName = "[No Variations]"
Add component (AddParameter): Name = "Package"; Value = "0805-2 AVX"; VariantName = "[No Variations]"
Add component (AddParameter): Name = "SnapEDA_Link"; Value = "https://www.snapeda.com/parts/0805ZD474MAT2A/AVX/view-part/?ref=snap"; VariantName = "[No Variations]"
Add component (AddParameter): Name = "Value"; Value = ""; VariantName = "[No Variations]"
Added Component: Designator=C14(CAPC2012X140N)
Add component (AddParameter): Name = "Check_prices"; Value = "https://www.snapeda.com/parts/0805ZD474MAT2A/AVX/view-part/?ref=eda"; VariantName = "[No Variations]"
Add component (AddParameter): Name = "MF"; Value = "AVX"; VariantName = "[No Variations]"
Add component (AddParameter): Name = "MP"; Value = "0805ZD474MAT2A"; VariantName = "[No Variations]"
Add component (AddParameter): Name = "Package"; Value = "0805-2 AVX"; VariantName = "[No Variations]"
Add component (AddParameter): Name = "SnapEDA_Link"; Value = "https://www.snapeda.com/parts/0805ZD474MAT2A/AVX/view-part/?ref=snap"; VariantName = "[No Variations]"
Add component (AddParameter): Name = "Value"; Value = ""; VariantName = "[No Variations]"
Added Component: Designator=C15(CAPC1608X90)
Add component (AddParameter): Name = "Check_prices"; Value = "https://www.snapeda.com/parts/C0603C104J3RACTU/KEMET/view-part/?ref=eda"; VariantName = "[No Variations]"
Add component (AddParameter): Name = "MF"; Value = "KEMET"; VariantName = "[No Variations]"
Add component (AddParameter): Name = "MP"; Value = "C0603C104J3RACTU"; VariantName = "[No Variations]"
Add component (AddParameter): Name = "Package"; Value = "603-2 KEMET"; VariantName = "[No Variations]"
Add component (AddParameter): Name = "SnapEDA_Link"; Value = "https://www.snapeda.com/parts/C0603C104J3RACTU/KEMET/view-part/?ref=snap"; VariantName = "[No Variations]"
Add component (AddParameter): Name = "Value"; Value = ""; VariantName = "[No Variations]"
Added Component: Designator=C16(CAPC2012X140N)
Add component (AddParameter): Name = "Check_prices"; Value = "https://www.snapeda.com/parts/0805ZD474MAT2A/AVX/view-part/?ref=eda"; VariantName = "[No Variations]"
Add component (AddParameter): Name = "MF"; Value = "AVX"; VariantName = "[No Variations]"
Add component (AddParameter): Name = "MP"; Value = "0805ZD474MAT2A"; VariantName = "[No Variations]"
Add component (AddParameter): Name = "Package"; Value = "0805-2 AVX"; VariantName = "[No Variations]"
Add component (AddParameter): Name = "SnapEDA_Link"; Value = "https://www.snapeda.com/parts/0805ZD474MAT2A/AVX/view-part/?ref=snap"; VariantName = "[No Variations]"
Add component (AddParameter): Name = "Value"; Value = ""; VariantName = "[No Variations]"
Added Component: Designator=C17(CAPC1608X90)
Add component (AddParameter): Name = "Check_prices"; Value = "https://www.snapeda.com/parts/C0603C104J3RACTU/KEMET/view-part/?ref=eda"; VariantName = "[No Variations]"
Add component (AddParameter): Name = "MF"; Value = "KEMET"; VariantName = "[No Variations]"
Add component (AddParameter): Name = "MP"; Value = "C0603C104J3RACTU"; VariantName = "[No Variations]"
Add component (AddParameter): Name = "Package"; Value = "603-2 KEMET"; VariantName = "[No Variations]"
Add component (AddParameter): Name = "SnapEDA_Link"; Value = "https://www.snapeda.com/parts/C0603C104J3RACTU/KEMET/view-part/?ref=snap"; VariantName = "[No Variations]"
Add component (AddParameter): Name = "Value"; Value = ""; VariantName = "[No Variations]"
Added Component: Designator=C18(CAPC1608X90)
Add component (AddParameter): Name = "Check_prices"; Value = "https://www.snapeda.com/parts/C0603C104J3RACTU/KEMET/view-part/?ref=eda"; VariantName = "[No Variations]"
Add component (AddParameter): Name = "MF"; Value = "KEMET"; VariantName = "[No Variations]"
Add component (AddParameter): Name = "MP"; Value = "C0603C104J3RACTU"; VariantName = "[No Variations]"
Add component (AddParameter): Name = "Package"; Value = "603-2 KEMET"; VariantName = "[No Variations]"
Add component (AddParameter): Name = "SnapEDA_Link"; Value = "https://www.snapeda.com/parts/C0603C104J3RACTU/KEMET/view-part/?ref=snap"; VariantName = "[No Variations]"
Add component (AddParameter): Name = "Value"; Value = ""; VariantName = "[No Variations]"
Added Component: Designator=C19(CAPC1608X85N)
Add component (AddParameter): Name = "Check_prices"; Value = "https://www.snapeda.com/parts/C0603C200J5GACTU/KEMET/view-part/?ref=eda"; VariantName = "[No Variations]"
Add component (AddParameter): Name = "MF"; Value = "KEMET"; VariantName = "[No Variations]"
Add component (AddParameter): Name = "MP"; Value = "C0603C200J5GACTU"; VariantName = "[No Variations]"
Add component (AddParameter): Name = "Package"; Value = "0603 Kemet"; VariantName = "[No Variations]"
Add component (AddParameter): Name = "SnapEDA_Link"; Value = "https://www.snapeda.com/parts/C0603C200J5GACTU/KEMET/view-part/?ref=snap"; VariantName = "[No Variations]"
Add component (AddParameter): Name = "Value"; Value = ""; VariantName = "[No Variations]"
Added Component: Designator=C20(CAPC1608X90)
Add component (AddParameter): Name = "Check_prices"; Value = "https://www.snapeda.com/parts/C0603C104J3RACTU/KEMET/view-part/?ref=eda"; VariantName = "[No Variations]"
Add component (AddParameter): Name = "MF"; Value = "KEMET"; VariantName = "[No Variations]"
Add component (AddParameter): Name = "MP"; Value = "C0603C104J3RACTU"; VariantName = "[No Variations]"
Add component (AddParameter): Name = "Package"; Value = "603-2 KEMET"; VariantName = "[No Variations]"
Add component (AddParameter): Name = "SnapEDA_Link"; Value = "https://www.snapeda.com/parts/C0603C104J3RACTU/KEMET/view-part/?ref=snap"; VariantName = "[No Variations]"
Add component (AddParameter): Name = "Value"; Value = ""; VariantName = "[No Variations]"
Added Component: Designator=C21(CAPC1608X85N)
Add component (AddParameter): Name = "Check_prices"; Value = "https://www.snapeda.com/parts/C0603C200J5GACTU/KEMET/view-part/?ref=eda"; VariantName = "[No Variations]"
Add component (AddParameter): Name = "MF"; Value = "KEMET"; VariantName = "[No Variations]"
Add component (AddParameter): Name = "MP"; Value = "C0603C200J5GACTU"; VariantName = "[No Variations]"
Add component (AddParameter): Name = "Package"; Value = "0603 Kemet"; VariantName = "[No Variations]"
Add component (AddParameter): Name = "SnapEDA_Link"; Value = "https://www.snapeda.com/parts/C0603C200J5GACTU/KEMET/view-part/?ref=snap"; VariantName = "[No Variations]"
Add component (AddParameter): Name = "Value"; Value = ""; VariantName = "[No Variations]"
Added Component: Designator=C22(CAPC1608X85N)
Add component (AddParameter): Name = "Check_prices"; Value = "https://www.snapeda.com/parts/C0603C200J5GACTU/KEMET/view-part/?ref=eda"; VariantName = "[No Variations]"
Add component (AddParameter): Name = "MF"; Value = "KEMET"; VariantName = "[No Variations]"
Add component (AddParameter): Name = "MP"; Value = "C0603C200J5GACTU"; VariantName = "[No Variations]"
Add component (AddParameter): Name = "Package"; Value = "0603 Kemet"; VariantName = "[No Variations]"
Add component (AddParameter): Name = "SnapEDA_Link"; Value = "https://www.snapeda.com/parts/C0603C200J5GACTU/KEMET/view-part/?ref=snap"; VariantName = "[No Variations]"
Add component (AddParameter): Name = "Value"; Value = ""; VariantName = "[No Variations]"
Added Component: Designator=C23(CAPC1608X85N)
Add component (AddParameter): Name = "Check_prices"; Value = "https://www.snapeda.com/parts/C0603C200J5GACTU/KEMET/view-part/?ref=eda"; VariantName = "[No Variations]"
Add component (AddParameter): Name = "MF"; Value = "KEMET"; VariantName = "[No Variations]"
Add component (AddParameter): Name = "MP"; Value = "C0603C200J5GACTU"; VariantName = "[No Variations]"
Add component (AddParameter): Name = "Package"; Value = "0603 Kemet"; VariantName = "[No Variations]"
Add component (AddParameter): Name = "SnapEDA_Link"; Value = "https://www.snapeda.com/parts/C0603C200J5GACTU/KEMET/view-part/?ref=snap"; VariantName = "[No Variations]"
Add component (AddParameter): Name = "Value"; Value = ""; VariantName = "[No Variations]"
Added Component: Designator=C24(CAPC2012X135N)
Add component (AddParameter): Name = "Check_prices"; Value = "https://www.snapeda.com/parts/CL21B225KPFNNNG/Samsung/view-part/?ref=eda"; VariantName = "[No Variations]"
Add component (AddParameter): Name = "MF"; Value = "Samsung"; VariantName = "[No Variations]"
Add component (AddParameter): Name = "MP"; Value = "CL21B225KPFNNNG"; VariantName = "[No Variations]"
Add component (AddParameter): Name = "Package"; Value = "SMD-2 Samsung"; VariantName = "[No Variations]"
Add component (AddParameter): Name = "SnapEDA_Link"; Value = "https://www.snapeda.com/parts/CL21B225KPFNNNG/Samsung/view-part/?ref=snap"; VariantName = "[No Variations]"
Add component (AddParameter): Name = "Value"; Value = ""; VariantName = "[No Variations]"
Added Component: Designator=C25(CAPC1608X90)
Add component (AddParameter): Name = "Check_prices"; Value = "https://www.snapeda.com/parts/C0603C104J3RACTU/KEMET/view-part/?ref=eda"; VariantName = "[No Variations]"
Add component (AddParameter): Name = "MF"; Value = "KEMET"; VariantName = "[No Variations]"
Add component (AddParameter): Name = "MP"; Value = "C0603C104J3RACTU"; VariantName = "[No Variations]"
Add component (AddParameter): Name = "Package"; Value = "603-2 KEMET"; VariantName = "[No Variations]"
Add component (AddParameter): Name = "SnapEDA_Link"; Value = "https://www.snapeda.com/parts/C0603C104J3RACTU/KEMET/view-part/?ref=snap"; VariantName = "[No Variations]"
Add component (AddParameter): Name = "Value"; Value = ""; VariantName = "[No Variations]"
Added Component: Designator=C26(CAPC1608X90)
Add component (AddParameter): Name = "Check_prices"; Value = "https://www.snapeda.com/parts/C0603C104J3RACTU/KEMET/view-part/?ref=eda"; VariantName = "[No Variations]"
Add component (AddParameter): Name = "MF"; Value = "KEMET"; VariantName = "[No Variations]"
Add component (AddParameter): Name = "MP"; Value = "C0603C104J3RACTU"; VariantName = "[No Variations]"
Add component (AddParameter): Name = "Package"; Value = "603-2 KEMET"; VariantName = "[No Variations]"
Add component (AddParameter): Name = "SnapEDA_Link"; Value = "https://www.snapeda.com/parts/C0603C104J3RACTU/KEMET/view-part/?ref=snap"; VariantName = "[No Variations]"
Add component (AddParameter): Name = "Value"; Value = ""; VariantName = "[No Variations]"
Added Component: Designator=C27(CAPC1608X90)
Add component (AddParameter): Name = "Check_prices"; Value = "https://www.snapeda.com/parts/C0603C104J3RACTU/KEMET/view-part/?ref=eda"; VariantName = "[No Variations]"
Add component (AddParameter): Name = "MF"; Value = "KEMET"; VariantName = "[No Variations]"
Add component (AddParameter): Name = "MP"; Value = "C0603C104J3RACTU"; VariantName = "[No Variations]"
Add component (AddParameter): Name = "Package"; Value = "603-2 KEMET"; VariantName = "[No Variations]"
Add component (AddParameter): Name = "SnapEDA_Link"; Value = "https://www.snapeda.com/parts/C0603C104J3RACTU/KEMET/view-part/?ref=snap"; VariantName = "[No Variations]"
Add component (AddParameter): Name = "Value"; Value = ""; VariantName = "[No Variations]"
Added Component: Designator=C28(CAPC2012X135N)
Add component (AddParameter): Name = "Check_prices"; Value = "https://www.snapeda.com/parts/CL21B225KPFNNNG/Samsung/view-part/?ref=eda"; VariantName = "[No Variations]"
Add component (AddParameter): Name = "MF"; Value = "Samsung"; VariantName = "[No Variations]"
Add component (AddParameter): Name = "MP"; Value = "CL21B225KPFNNNG"; VariantName = "[No Variations]"
Add component (AddParameter): Name = "Package"; Value = "SMD-2 Samsung"; VariantName = "[No Variations]"
Add component (AddParameter): Name = "SnapEDA_Link"; Value = "https://www.snapeda.com/parts/CL21B225KPFNNNG/Samsung/view-part/?ref=snap"; VariantName = "[No Variations]"
Add component (AddParameter): Name = "Value"; Value = ""; VariantName = "[No Variations]"
Added Component: Designator=C29(CAPC2012X135N)
Add component (AddParameter): Name = "Check_prices"; Value = "https://www.snapeda.com/parts/CL21B225KPFNNNG/Samsung/view-part/?ref=eda"; VariantName = "[No Variations]"
Add component (AddParameter): Name = "MF"; Value = "Samsung"; VariantName = "[No Variations]"
Add component (AddParameter): Name = "MP"; Value = "CL21B225KPFNNNG"; VariantName = "[No Variations]"
Add component (AddParameter): Name = "Package"; Value = "SMD-2 Samsung"; VariantName = "[No Variations]"
Add component (AddParameter): Name = "SnapEDA_Link"; Value = "https://www.snapeda.com/parts/CL21B225KPFNNNG/Samsung/view-part/?ref=snap"; VariantName = "[No Variations]"
Add component (AddParameter): Name = "Value"; Value = ""; VariantName = "[No Variations]"
Added Component: Designator=C30(CAPC1608X90)
Add component (AddParameter): Name = "Check_prices"; Value = "https://www.snapeda.com/parts/C0603C104J3RACTU/KEMET/view-part/?ref=eda"; VariantName = "[No Variations]"
Add component (AddParameter): Name = "MF"; Value = "KEMET"; VariantName = "[No Variations]"
Add component (AddParameter): Name = "MP"; Value = "C0603C104J3RACTU"; VariantName = "[No Variations]"
Add component (AddParameter): Name = "Package"; Value = "603-2 KEMET"; VariantName = "[No Variations]"
Add component (AddParameter): Name = "SnapEDA_Link"; Value = "https://www.snapeda.com/parts/C0603C104J3RACTU/KEMET/view-part/?ref=snap"; VariantName = "[No Variations]"
Add component (AddParameter): Name = "Value"; Value = ""; VariantName = "[No Variations]"
Added Component: Designator=C31(CAPC1608X90)
Add component (AddParameter): Name = "Check_prices"; Value = "https://www.snapeda.com/parts/C0603C104J3RACTU/KEMET/view-part/?ref=eda"; VariantName = "[No Variations]"
Add component (AddParameter): Name = "MF"; Value = "KEMET"; VariantName = "[No Variations]"
Add component (AddParameter): Name = "MP"; Value = "C0603C104J3RACTU"; VariantName = "[No Variations]"
Add component (AddParameter): Name = "Package"; Value = "603-2 KEMET"; VariantName = "[No Variations]"
Add component (AddParameter): Name = "SnapEDA_Link"; Value = "https://www.snapeda.com/parts/C0603C104J3RACTU/KEMET/view-part/?ref=snap"; VariantName = "[No Variations]"
Add component (AddParameter): Name = "Value"; Value = ""; VariantName = "[No Variations]"
Added Component: Designator=C32(CAPC1608X90)
Add component (AddParameter): Name = "Check_prices"; Value = "https://www.snapeda.com/parts/C0603C104J3RACTU/KEMET/view-part/?ref=eda"; VariantName = "[No Variations]"
Add component (AddParameter): Name = "MF"; Value = "KEMET"; VariantName = "[No Variations]"
Add component (AddParameter): Name = "MP"; Value = "C0603C104J3RACTU"; VariantName = "[No Variations]"
Add component (AddParameter): Name = "Package"; Value = "603-2 KEMET"; VariantName = "[No Variations]"
Add component (AddParameter): Name = "SnapEDA_Link"; Value = "https://www.snapeda.com/parts/C0603C104J3RACTU/KEMET/view-part/?ref=snap"; VariantName = "[No Variations]"
Add component (AddParameter): Name = "Value"; Value = ""; VariantName = "[No Variations]"
Added Component: Designator=C33(CAPC1608X90)
Add component (AddParameter): Name = "Check_prices"; Value = "https://www.snapeda.com/parts/C0603C104J3RACTU/KEMET/view-part/?ref=eda"; VariantName = "[No Variations]"
Add component (AddParameter): Name = "MF"; Value = "KEMET"; VariantName = "[No Variations]"
Add component (AddParameter): Name = "MP"; Value = "C0603C104J3RACTU"; VariantName = "[No Variations]"
Add component (AddParameter): Name = "Package"; Value = "603-2 KEMET"; VariantName = "[No Variations]"
Add component (AddParameter): Name = "SnapEDA_Link"; Value = "https://www.snapeda.com/parts/C0603C104J3RACTU/KEMET/view-part/?ref=snap"; VariantName = "[No Variations]"
Add component (AddParameter): Name = "Value"; Value = ""; VariantName = "[No Variations]"
Added Component: Designator=D1(DIOM7959X261N)
Add component (AddParameter): Name = "Check_prices"; Value = "https://www.snapeda.com/parts/MBRS330T3G/Onsemi/view-part/?ref=eda"; VariantName = "[No Variations]"
Add component (AddParameter): Name = "MF"; Value = "ON Semiconductor"; VariantName = "[No Variations]"
Add component (AddParameter): Name = "MP"; Value = "MBRS330T3G"; VariantName = "[No Variations]"
Add component (AddParameter): Name = "Package"; Value = "SMC-2 ON Semiconductor"; VariantName = "[No Variations]"
Add component (AddParameter): Name = "SnapEDA_Link"; Value = "https://www.snapeda.com/parts/MBRS330T3G/Onsemi/view-part/?ref=snap"; VariantName = "[No Variations]"
Add component (AddParameter): Name = "Value"; Value = ""; VariantName = "[No Variations]"
Added Component: Designator=D2(DIOM7959X261N)
Add component (AddParameter): Name = "Check_prices"; Value = "https://www.snapeda.com/parts/MBRS330T3G/Onsemi/view-part/?ref=eda"; VariantName = "[No Variations]"
Add component (AddParameter): Name = "MF"; Value = "ON Semiconductor"; VariantName = "[No Variations]"
Add component (AddParameter): Name = "MP"; Value = "MBRS330T3G"; VariantName = "[No Variations]"
Add component (AddParameter): Name = "Package"; Value = "SMC-2 ON Semiconductor"; VariantName = "[No Variations]"
Add component (AddParameter): Name = "SnapEDA_Link"; Value = "https://www.snapeda.com/parts/MBRS330T3G/Onsemi/view-part/?ref=snap"; VariantName = "[No Variations]"
Add component (AddParameter): Name = "Value"; Value = ""; VariantName = "[No Variations]"
Added Component: Designator=D3(LEDC1608X35N)
Add component (AddParameter): Name = "Availability"; Value = "Unavailable"; VariantName = "[No Variations]"
Add component (AddParameter): Name = "MF"; Value = "{'manufacturer': u'Lite-On Inc.'}"; VariantName = "[No Variations]"
Add component (AddParameter): Name = "MP"; Value = "LTST-C190KGKT"; VariantName = "[No Variations]"
Add component (AddParameter): Name = "Package"; Value = "None"; VariantName = "[No Variations]"
Add component (AddParameter): Name = "Price"; Value = "None"; VariantName = "[No Variations]"
Add component (AddParameter): Name = "Value"; Value = ""; VariantName = "[No Variations]"
Added Component: Designator=D4(DIO_SS34)
Add component (AddParameter): Name = "Check_prices"; Value = "https://www.snapeda.com/parts/SS34/taiwan/view-part/?ref=eda"; VariantName = "[No Variations]"
Add component (AddParameter): Name = "MF"; Value = "Taiwan Semiconductor"; VariantName = "[No Variations]"
Add component (AddParameter): Name = "MP"; Value = "SS34"; VariantName = "[No Variations]"
Add component (AddParameter): Name = "Package"; Value = "DO-214AB-2 Taiwan Semiconductor"; VariantName = "[No Variations]"
Add component (AddParameter): Name = "SnapEDA_Link"; Value = "https://www.snapeda.com/parts/SS34/taiwan/view-part/?ref=snap"; VariantName = "[No Variations]"
Add component (AddParameter): Name = "Value"; Value = ""; VariantName = "[No Variations]"
Added Component: Designator=D5(DIO_SS34)
Add component (AddParameter): Name = "Check_prices"; Value = "https://www.snapeda.com/parts/SS34/taiwan/view-part/?ref=eda"; VariantName = "[No Variations]"
Add component (AddParameter): Name = "MF"; Value = "Taiwan Semiconductor"; VariantName = "[No Variations]"
Add component (AddParameter): Name = "MP"; Value = "SS34"; VariantName = "[No Variations]"
Add component (AddParameter): Name = "Package"; Value = "DO-214AB-2 Taiwan Semiconductor"; VariantName = "[No Variations]"
Add component (AddParameter): Name = "SnapEDA_Link"; Value = "https://www.snapeda.com/parts/SS34/taiwan/view-part/?ref=snap"; VariantName = "[No Variations]"
Add component (AddParameter): Name = "Value"; Value = ""; VariantName = "[No Variations]"
Added Component: Designator=D6(LEDC1608X35N)
Add component (AddParameter): Name = "Availability"; Value = "Unavailable"; VariantName = "[No Variations]"
Add component (AddParameter): Name = "MF"; Value = "{'manufacturer': u'Lite-On Inc.'}"; VariantName = "[No Variations]"
Add component (AddParameter): Name = "MP"; Value = "LTST-C190KGKT"; VariantName = "[No Variations]"
Add component (AddParameter): Name = "Package"; Value = "None"; VariantName = "[No Variations]"
Add component (AddParameter): Name = "Price"; Value = "None"; VariantName = "[No Variations]"
Add component (AddParameter): Name = "Value"; Value = ""; VariantName = "[No Variations]"
Added Component: Designator=J1(SAMTEC_MTLW-106-06-G-S-180)
Add component (AddParameter): Name = "Availability"; Value = "Unavailable"; VariantName = "[No Variations]"
Add component (AddParameter): Name = "MF"; Value = ""; VariantName = "[No Variations]"
Add component (AddParameter): Name = "MP"; Value = "MTLW-106-06-G-S-180"; VariantName = "[No Variations]"
Add component (AddParameter): Name = "Package"; Value = "None"; VariantName = "[No Variations]"
Add component (AddParameter): Name = "Price"; Value = "None"; VariantName = "[No Variations]"
Add component (AddParameter): Name = "Value"; Value = ""; VariantName = "[No Variations]"
Added Component: Designator=J2(SAMTEC_MTLW-106-06-G-S-180)
Add component (AddParameter): Name = "Availability"; Value = "Unavailable"; VariantName = "[No Variations]"
Add component (AddParameter): Name = "MF"; Value = ""; VariantName = "[No Variations]"
Add component (AddParameter): Name = "MP"; Value = "MTLW-106-06-G-S-180"; VariantName = "[No Variations]"
Add component (AddParameter): Name = "Package"; Value = "None"; VariantName = "[No Variations]"
Add component (AddParameter): Name = "Price"; Value = "None"; VariantName = "[No Variations]"
Add component (AddParameter): Name = "Value"; Value = ""; VariantName = "[No Variations]"
Added Component: Designator=J3(SAMTEC_MTLW-106-06-G-S-180)
Add component (AddParameter): Name = "Availability"; Value = "Unavailable"; VariantName = "[No Variations]"
Add component (AddParameter): Name = "MF"; Value = ""; VariantName = "[No Variations]"
Add component (AddParameter): Name = "MP"; Value = "MTLW-106-06-G-S-180"; VariantName = "[No Variations]"
Add component (AddParameter): Name = "Package"; Value = "None"; VariantName = "[No Variations]"
Add component (AddParameter): Name = "Price"; Value = "None"; VariantName = "[No Variations]"
Add component (AddParameter): Name = "Value"; Value = ""; VariantName = "[No Variations]"
Added Component: Designator=J4(MPD_BC501SM-TR)
Add component (AddParameter): Name = "Check_prices"; Value = "https://www.snapeda.com/parts/BC501SM-TR/MPD/view-part/?ref=eda"; VariantName = "[No Variations]"
Add component (AddParameter): Name = "MF"; Value = "MPD (Memory"; VariantName = "[No Variations]"
Add component (AddParameter): Name = "MP"; Value = "BC501SM-TR"; VariantName = "[No Variations]"
Add component (AddParameter): Name = "Package"; Value = "DFN-8 MPD"; VariantName = "[No Variations]"
Add component (AddParameter): Name = "SnapEDA_Link"; Value = "https://www.snapeda.com/parts/BC501SM-TR/MPD/view-part/?ref=snap"; VariantName = "[No Variations]"
Add component (AddParameter): Name = "Value"; Value = ""; VariantName = "[No Variations]"
Added Component: Designator=J5(SAMTEC_HMTSW-103-XX-X-S-XXX)
Add component (AddParameter): Name = "Check_prices"; Value = "https://www.snapeda.com/parts/HMTSW-103-10-T-S-330/Samtec/view-part/?ref=eda"; VariantName = "[No Variations]"
Add component (AddParameter): Name = "MF"; Value = "Samtec"; VariantName = "[No Variations]"
Add component (AddParameter): Name = "MP"; Value = "HMTSW-103-10-T-S-330"; VariantName = "[No Variations]"
Add component (AddParameter): Name = "Package"; Value = "None"; VariantName = "[No Variations]"
Add component (AddParameter): Name = "SnapEDA_Link"; Value = "https://www.snapeda.com/parts/HMTSW-103-10-T-S-330/Samtec/view-part/?ref=snap"; VariantName = "[No Variations]"
Add component (AddParameter): Name = "Value"; Value = ""; VariantName = "[No Variations]"
Added Component: Designator=J6(SAMTEC_HMTSW-103-XX-X-S-XXX)
Add component (AddParameter): Name = "Check_prices"; Value = "https://www.snapeda.com/parts/HMTSW-103-10-T-S-330/Samtec/view-part/?ref=eda"; VariantName = "[No Variations]"
Add component (AddParameter): Name = "MF"; Value = "Samtec"; VariantName = "[No Variations]"
Add component (AddParameter): Name = "MP"; Value = "HMTSW-103-10-T-S-330"; VariantName = "[No Variations]"
Add component (AddParameter): Name = "Package"; Value = "None"; VariantName = "[No Variations]"
Add component (AddParameter): Name = "SnapEDA_Link"; Value = "https://www.snapeda.com/parts/HMTSW-103-10-T-S-330/Samtec/view-part/?ref=snap"; VariantName = "[No Variations]"
Add component (AddParameter): Name = "Value"; Value = ""; VariantName = "[No Variations]"
Added Component: Designator=J7(SAMTEC_HMTSW-103-XX-X-S-XXX)
Add component (AddParameter): Name = "Check_prices"; Value = "https://www.snapeda.com/parts/HMTSW-103-10-T-S-330/Samtec/view-part/?ref=eda"; VariantName = "[No Variations]"
Add component (AddParameter): Name = "MF"; Value = "Samtec"; VariantName = "[No Variations]"
Add component (AddParameter): Name = "MP"; Value = "HMTSW-103-10-T-S-330"; VariantName = "[No Variations]"
Add component (AddParameter): Name = "Package"; Value = "None"; VariantName = "[No Variations]"
Add component (AddParameter): Name = "SnapEDA_Link"; Value = "https://www.snapeda.com/parts/HMTSW-103-10-T-S-330/Samtec/view-part/?ref=snap"; VariantName = "[No Variations]"
Add component (AddParameter): Name = "Value"; Value = ""; VariantName = "[No Variations]"
Added Component: Designator=J8(691250910002)
Add component (AddParameter): Name = "Availability"; Value = "Unavailable"; VariantName = "[No Variations]"
Add component (AddParameter): Name = "MF"; Value = "{'manufacturer': u'W\xfcrth Elektronik'}"; VariantName = "[No Variations]"
Add component (AddParameter): Name = "MP"; Value = "691250910002"; VariantName = "[No Variations]"
Add component (AddParameter): Name = "Package"; Value = "None"; VariantName = "[No Variations]"
Add component (AddParameter): Name = "Price"; Value = "None"; VariantName = "[No Variations]"
Add component (AddParameter): Name = "Value"; Value = ""; VariantName = "[No Variations]"
Added Component: Designator=L1(IND_MSS1278-223MLB)
Add component (AddParameter): Name = "Check_prices"; Value = "https://www.snapeda.com/parts/MSS1278-223MLB/Coilcraft/view-part/?ref=eda"; VariantName = "[No Variations]"
Add component (AddParameter): Name = "MF"; Value = "Coilcraft"; VariantName = "[No Variations]"
Add component (AddParameter): Name = "MP"; Value = "MSS1278-223MLB"; VariantName = "[No Variations]"
Add component (AddParameter): Name = "Package"; Value = "None"; VariantName = "[No Variations]"
Add component (AddParameter): Name = "SnapEDA_Link"; Value = "https://www.snapeda.com/parts/MSS1278-223MLB/Coilcraft/view-part/?ref=snap"; VariantName = "[No Variations]"
Add component (AddParameter): Name = "Value"; Value = ""; VariantName = "[No Variations]"
Added Component: Designator=L2(IND_MSS1278-223MLB)
Add component (AddParameter): Name = "Check_prices"; Value = "https://www.snapeda.com/parts/MSS1278-223MLB/Coilcraft/view-part/?ref=eda"; VariantName = "[No Variations]"
Add component (AddParameter): Name = "MF"; Value = "Coilcraft"; VariantName = "[No Variations]"
Add component (AddParameter): Name = "MP"; Value = "MSS1278-223MLB"; VariantName = "[No Variations]"
Add component (AddParameter): Name = "Package"; Value = "None"; VariantName = "[No Variations]"
Add component (AddParameter): Name = "SnapEDA_Link"; Value = "https://www.snapeda.com/parts/MSS1278-223MLB/Coilcraft/view-part/?ref=snap"; VariantName = "[No Variations]"
Add component (AddParameter): Name = "Value"; Value = ""; VariantName = "[No Variations]"
Added Component: Designator=R1(RESC1608X55N)
Add component (AddParameter): Name = "Check_prices"; Value = "https://www.snapeda.com/parts/RC0603JR-0751RL/Yageo/view-part/?ref=eda"; VariantName = "[No Variations]"
Add component (AddParameter): Name = "MF"; Value = "Yageo"; VariantName = "[No Variations]"
Add component (AddParameter): Name = "MP"; Value = "RC0603JR-0751RL"; VariantName = "[No Variations]"
Add component (AddParameter): Name = "Package"; Value = "1608 Yageo"; VariantName = "[No Variations]"
Add component (AddParameter): Name = "SnapEDA_Link"; Value = "https://www.snapeda.com/parts/RC0603JR-0751RL/Yageo/view-part/?ref=snap"; VariantName = "[No Variations]"
Add component (AddParameter): Name = "Value"; Value = ""; VariantName = "[No Variations]"
Added Component: Designator=R2(RESC1608X55N)
Add component (AddParameter): Name = "Check_prices"; Value = "https://www.snapeda.com/parts/RC0603JR-0751RL/Yageo/view-part/?ref=eda"; VariantName = "[No Variations]"
Add component (AddParameter): Name = "MF"; Value = "Yageo"; VariantName = "[No Variations]"
Add component (AddParameter): Name = "MP"; Value = "RC0603JR-0751RL"; VariantName = "[No Variations]"
Add component (AddParameter): Name = "Package"; Value = "1608 Yageo"; VariantName = "[No Variations]"
Add component (AddParameter): Name = "SnapEDA_Link"; Value = "https://www.snapeda.com/parts/RC0603JR-0751RL/Yageo/view-part/?ref=snap"; VariantName = "[No Variations]"
Add component (AddParameter): Name = "Value"; Value = ""; VariantName = "[No Variations]"
Added Component: Designator=R3(RESC1608X55N)
Add component (AddParameter): Name = "Check_prices"; Value = "https://www.snapeda.com/parts/RC0603JR-0751RL/Yageo/view-part/?ref=eda"; VariantName = "[No Variations]"
Add component (AddParameter): Name = "MF"; Value = "Yageo"; VariantName = "[No Variations]"
Add component (AddParameter): Name = "MP"; Value = "RC0603JR-0751RL"; VariantName = "[No Variations]"
Add component (AddParameter): Name = "Package"; Value = "1608 Yageo"; VariantName = "[No Variations]"
Add component (AddParameter): Name = "SnapEDA_Link"; Value = "https://www.snapeda.com/parts/RC0603JR-0751RL/Yageo/view-part/?ref=snap"; VariantName = "[No Variations]"
Add component (AddParameter): Name = "Value"; Value = ""; VariantName = "[No Variations]"
Added Component: Designator=R4(RESC1608X55N)
Add component (AddParameter): Name = "Check_prices"; Value = "https://www.snapeda.com/parts/RC0603JR-0751RL/Yageo/view-part/?ref=eda"; VariantName = "[No Variations]"
Add component (AddParameter): Name = "MF"; Value = "Yageo"; VariantName = "[No Variations]"
Add component (AddParameter): Name = "MP"; Value = "RC0603JR-0751RL"; VariantName = "[No Variations]"
Add component (AddParameter): Name = "Package"; Value = "1608 Yageo"; VariantName = "[No Variations]"
Add component (AddParameter): Name = "SnapEDA_Link"; Value = "https://www.snapeda.com/parts/RC0603JR-0751RL/Yageo/view-part/?ref=snap"; VariantName = "[No Variations]"
Add component (AddParameter): Name = "Value"; Value = ""; VariantName = "[No Variations]"
Added Component: Designator=R5(RESC1608X55N)
Add component (AddParameter): Name = "Check_prices"; Value = "https://www.snapeda.com/parts/RC0603JR-0751RL/Yageo/view-part/?ref=eda"; VariantName = "[No Variations]"
Add component (AddParameter): Name = "MF"; Value = "Yageo"; VariantName = "[No Variations]"
Add component (AddParameter): Name = "MP"; Value = "RC0603JR-0751RL"; VariantName = "[No Variations]"
Add component (AddParameter): Name = "Package"; Value = "1608 Yageo"; VariantName = "[No Variations]"
Add component (AddParameter): Name = "SnapEDA_Link"; Value = "https://www.snapeda.com/parts/RC0603JR-0751RL/Yageo/view-part/?ref=snap"; VariantName = "[No Variations]"
Add component (AddParameter): Name = "Value"; Value = ""; VariantName = "[No Variations]"
Added Component: Designator=R6(RESC1608X55N)
Add component (AddParameter): Name = "Check_prices"; Value = "https://www.snapeda.com/parts/RC0603JR-0751RL/Yageo/view-part/?ref=eda"; VariantName = "[No Variations]"
Add component (AddParameter): Name = "MF"; Value = "Yageo"; VariantName = "[No Variations]"
Add component (AddParameter): Name = "MP"; Value = "RC0603JR-0751RL"; VariantName = "[No Variations]"
Add component (AddParameter): Name = "Package"; Value = "1608 Yageo"; VariantName = "[No Variations]"
Add component (AddParameter): Name = "SnapEDA_Link"; Value = "https://www.snapeda.com/parts/RC0603JR-0751RL/Yageo/view-part/?ref=snap"; VariantName = "[No Variations]"
Add component (AddParameter): Name = "Value"; Value = ""; VariantName = "[No Variations]"
Added Component: Designator=R7(RESC1608X55N)
Add component (AddParameter): Name = "Check_prices"; Value = "https://www.snapeda.com/parts/RC0603JR-0751RL/Yageo/view-part/?ref=eda"; VariantName = "[No Variations]"
Add component (AddParameter): Name = "MF"; Value = "Yageo"; VariantName = "[No Variations]"
Add component (AddParameter): Name = "MP"; Value = "RC0603JR-0751RL"; VariantName = "[No Variations]"
Add component (AddParameter): Name = "Package"; Value = "1608 Yageo"; VariantName = "[No Variations]"
Add component (AddParameter): Name = "SnapEDA_Link"; Value = "https://www.snapeda.com/parts/RC0603JR-0751RL/Yageo/view-part/?ref=snap"; VariantName = "[No Variations]"
Add component (AddParameter): Name = "Value"; Value = ""; VariantName = "[No Variations]"
Added Component: Designator=R8(RESC1608X55N)
Add component (AddParameter): Name = "Check_prices"; Value = "https://www.snapeda.com/parts/RC0603JR-0751RL/Yageo/view-part/?ref=eda"; VariantName = "[No Variations]"
Add component (AddParameter): Name = "MF"; Value = "Yageo"; VariantName = "[No Variations]"
Add component (AddParameter): Name = "MP"; Value = "RC0603JR-0751RL"; VariantName = "[No Variations]"
Add component (AddParameter): Name = "Package"; Value = "1608 Yageo"; VariantName = "[No Variations]"
Add component (AddParameter): Name = "SnapEDA_Link"; Value = "https://www.snapeda.com/parts/RC0603JR-0751RL/Yageo/view-part/?ref=snap"; VariantName = "[No Variations]"
Add component (AddParameter): Name = "Value"; Value = ""; VariantName = "[No Variations]"
Added Component: Designator=R9(RESC1608X55N)
Add component (AddParameter): Name = "Check_prices"; Value = "https://www.snapeda.com/parts/RC0603JR-0751RL/Yageo/view-part/?ref=eda"; VariantName = "[No Variations]"
Add component (AddParameter): Name = "MF"; Value = "Yageo"; VariantName = "[No Variations]"
Add component (AddParameter): Name = "MP"; Value = "RC0603JR-0751RL"; VariantName = "[No Variations]"
Add component (AddParameter): Name = "Package"; Value = "1608 Yageo"; VariantName = "[No Variations]"
Add component (AddParameter): Name = "SnapEDA_Link"; Value = "https://www.snapeda.com/parts/RC0603JR-0751RL/Yageo/view-part/?ref=snap"; VariantName = "[No Variations]"
Add component (AddParameter): Name = "Value"; Value = ""; VariantName = "[No Variations]"
Added Component: Designator=R10(RESC1608X55N)
Add component (AddParameter): Name = "Check_prices"; Value = "https://www.snapeda.com/parts/RC0603JR-0751RL/Yageo/view-part/?ref=eda"; VariantName = "[No Variations]"
Add component (AddParameter): Name = "MF"; Value = "Yageo"; VariantName = "[No Variations]"
Add component (AddParameter): Name = "MP"; Value = "RC0603JR-0751RL"; VariantName = "[No Variations]"
Add component (AddParameter): Name = "Package"; Value = "1608 Yageo"; VariantName = "[No Variations]"
Add component (AddParameter): Name = "SnapEDA_Link"; Value = "https://www.snapeda.com/parts/RC0603JR-0751RL/Yageo/view-part/?ref=snap"; VariantName = "[No Variations]"
Add component (AddParameter): Name = "Value"; Value = ""; VariantName = "[No Variations]"
Added Component: Designator=R11(RESC1608X55N)
Add component (AddParameter): Name = "Check_prices"; Value = "https://www.snapeda.com/parts/RC0603JR-0751RL/Yageo/view-part/?ref=eda"; VariantName = "[No Variations]"
Add component (AddParameter): Name = "MF"; Value = "Yageo"; VariantName = "[No Variations]"
Add component (AddParameter): Name = "MP"; Value = "RC0603JR-0751RL"; VariantName = "[No Variations]"
Add component (AddParameter): Name = "Package"; Value = "1608 Yageo"; VariantName = "[No Variations]"
Add component (AddParameter): Name = "SnapEDA_Link"; Value = "https://www.snapeda.com/parts/RC0603JR-0751RL/Yageo/view-part/?ref=snap"; VariantName = "[No Variations]"
Add component (AddParameter): Name = "Value"; Value = ""; VariantName = "[No Variations]"
Added Component: Designator=R12(RESC1608X55N)
Add component (AddParameter): Name = "Check_prices"; Value = "https://www.snapeda.com/parts/RC0603JR-0751RL/Yageo/view-part/?ref=eda"; VariantName = "[No Variations]"
Add component (AddParameter): Name = "MF"; Value = "Yageo"; VariantName = "[No Variations]"
Add component (AddParameter): Name = "MP"; Value = "RC0603JR-0751RL"; VariantName = "[No Variations]"
Add component (AddParameter): Name = "Package"; Value = "1608 Yageo"; VariantName = "[No Variations]"
Add component (AddParameter): Name = "SnapEDA_Link"; Value = "https://www.snapeda.com/parts/RC0603JR-0751RL/Yageo/view-part/?ref=snap"; VariantName = "[No Variations]"
Add component (AddParameter): Name = "Value"; Value = ""; VariantName = "[No Variations]"
Added Component: Designator=R13(RESC1608X55N)
Add component (AddParameter): Name = "Check_prices"; Value = "https://www.snapeda.com/parts/RC0603JR-0751RL/Yageo/view-part/?ref=eda"; VariantName = "[No Variations]"
Add component (AddParameter): Name = "MF"; Value = "Yageo"; VariantName = "[No Variations]"
Add component (AddParameter): Name = "MP"; Value = "RC0603JR-0751RL"; VariantName = "[No Variations]"
Add component (AddParameter): Name = "Package"; Value = "1608 Yageo"; VariantName = "[No Variations]"
Add component (AddParameter): Name = "SnapEDA_Link"; Value = "https://www.snapeda.com/parts/RC0603JR-0751RL/Yageo/view-part/?ref=snap"; VariantName = "[No Variations]"
Add component (AddParameter): Name = "Value"; Value = ""; VariantName = "[No Variations]"
Added Component: Designator=R14(RESC3116X65N)
Add component (AddParameter): Name = "Check_prices"; Value = "https://www.snapeda.com/parts/AC1206FR-070RL/Yageo/view-part/?ref=eda"; VariantName = "[No Variations]"
Add component (AddParameter): Name = "MF"; Value = "Yageo"; VariantName = "[No Variations]"
Add component (AddParameter): Name = "MP"; Value = "AC1206FR-070RL"; VariantName = "[No Variations]"
Add component (AddParameter): Name = "Package"; Value = "SMD-2 Yageo"; VariantName = "[No Variations]"
Add component (AddParameter): Name = "SnapEDA_Link"; Value = "https://www.snapeda.com/parts/AC1206FR-070RL/Yageo/view-part/?ref=snap"; VariantName = "[No Variations]"
Add component (AddParameter): Name = "Value"; Value = ""; VariantName = "[No Variations]"
Added Component: Designator=R15(RESC2012X60N)
Add component (AddParameter): Name = "Check_prices"; Value = "https://www.snapeda.com/parts/CR0805-JW-331ELF/Bourns/view-part/?ref=eda"; VariantName = "[No Variations]"
Add component (AddParameter): Name = "MF"; Value = "Bourns"; VariantName = "[No Variations]"
Add component (AddParameter): Name = "MP"; Value = "CR0805-JW-331ELF"; VariantName = "[No Variations]"
Add component (AddParameter): Name = "Package"; Value = "0805 Bourns"; VariantName = "[No Variations]"
Add component (AddParameter): Name = "SnapEDA_Link"; Value = "https://www.snapeda.com/parts/CR0805-JW-331ELF/Bourns/view-part/?ref=snap"; VariantName = "[No Variations]"
Add component (AddParameter): Name = "Value"; Value = ""; VariantName = "[No Variations]"
Added Component: Designator=R16(RESC3116X65N)
Add component (AddParameter): Name = "Check_prices"; Value = "https://www.snapeda.com/parts/AC1206FR-070RL/Yageo/view-part/?ref=eda"; VariantName = "[No Variations]"
Add component (AddParameter): Name = "MF"; Value = "Yageo"; VariantName = "[No Variations]"
Add component (AddParameter): Name = "MP"; Value = "AC1206FR-070RL"; VariantName = "[No Variations]"
Add component (AddParameter): Name = "Package"; Value = "SMD-2 Yageo"; VariantName = "[No Variations]"
Add component (AddParameter): Name = "SnapEDA_Link"; Value = "https://www.snapeda.com/parts/AC1206FR-070RL/Yageo/view-part/?ref=snap"; VariantName = "[No Variations]"
Add component (AddParameter): Name = "Value"; Value = ""; VariantName = "[No Variations]"
Added Component: Designator=R17(RESC3116X65N)
Add component (AddParameter): Name = "Check_prices"; Value = "https://www.snapeda.com/parts/AC1206FR-070RL/Yageo/view-part/?ref=eda"; VariantName = "[No Variations]"
Add component (AddParameter): Name = "MF"; Value = "Yageo"; VariantName = "[No Variations]"
Add component (AddParameter): Name = "MP"; Value = "AC1206FR-070RL"; VariantName = "[No Variations]"
Add component (AddParameter): Name = "Package"; Value = "SMD-2 Yageo"; VariantName = "[No Variations]"
Add component (AddParameter): Name = "SnapEDA_Link"; Value = "https://www.snapeda.com/parts/AC1206FR-070RL/Yageo/view-part/?ref=snap"; VariantName = "[No Variations]"
Add component (AddParameter): Name = "Value"; Value = ""; VariantName = "[No Variations]"
Added Component: Designator=R18(RESC3116X65N)
Add component (AddParameter): Name = "Check_prices"; Value = "https://www.snapeda.com/parts/AC1206FR-070RL/Yageo/view-part/?ref=eda"; VariantName = "[No Variations]"
Add component (AddParameter): Name = "MF"; Value = "Yageo"; VariantName = "[No Variations]"
Add component (AddParameter): Name = "MP"; Value = "AC1206FR-070RL"; VariantName = "[No Variations]"
Add component (AddParameter): Name = "Package"; Value = "SMD-2 Yageo"; VariantName = "[No Variations]"
Add component (AddParameter): Name = "SnapEDA_Link"; Value = "https://www.snapeda.com/parts/AC1206FR-070RL/Yageo/view-part/?ref=snap"; VariantName = "[No Variations]"
Add component (AddParameter): Name = "Value"; Value = ""; VariantName = "[No Variations]"
Added Component: Designator=R19(RESC2012X60N)
Add component (AddParameter): Name = "Check_prices"; Value = "https://www.snapeda.com/parts/CR0805-JW-331ELF/Bourns/view-part/?ref=eda"; VariantName = "[No Variations]"
Add component (AddParameter): Name = "MF"; Value = "Bourns"; VariantName = "[No Variations]"
Add component (AddParameter): Name = "MP"; Value = "CR0805-JW-331ELF"; VariantName = "[No Variations]"
Add component (AddParameter): Name = "Package"; Value = "0805 Bourns"; VariantName = "[No Variations]"
Add component (AddParameter): Name = "SnapEDA_Link"; Value = "https://www.snapeda.com/parts/CR0805-JW-331ELF/Bourns/view-part/?ref=snap"; VariantName = "[No Variations]"
Add component (AddParameter): Name = "Value"; Value = ""; VariantName = "[No Variations]"
Added Component: Designator=R20(RESC3116X65N)
Add component (AddParameter): Name = "Check_prices"; Value = "https://www.snapeda.com/parts/AC1206FR-070RL/Yageo/view-part/?ref=eda"; VariantName = "[No Variations]"
Add component (AddParameter): Name = "MF"; Value = "Yageo"; VariantName = "[No Variations]"
Add component (AddParameter): Name = "MP"; Value = "AC1206FR-070RL"; VariantName = "[No Variations]"
Add component (AddParameter): Name = "Package"; Value = "SMD-2 Yageo"; VariantName = "[No Variations]"
Add component (AddParameter): Name = "SnapEDA_Link"; Value = "https://www.snapeda.com/parts/AC1206FR-070RL/Yageo/view-part/?ref=snap"; VariantName = "[No Variations]"
Add component (AddParameter): Name = "Value"; Value = ""; VariantName = "[No Variations]"
Added Component: Designator=R21(RESC2012X60N)
Add component (AddParameter): Name = "Availability"; Value = "In Stock"; VariantName = "[No Variations]"
Add component (AddParameter): Name = "Check_prices"; Value = "https://www.snapeda.com/parts/RC0805FR-0710KL/Yageo/view-part/?ref=eda"; VariantName = "[No Variations]"
Add component (AddParameter): Name = "MF"; Value = "Yageo"; VariantName = "[No Variations]"
Add component (AddParameter): Name = "MP"; Value = "RC0805FR-0710KL"; VariantName = "[No Variations]"
Add component (AddParameter): Name = "Package"; Value = "2012 Rohm Semiconductor"; VariantName = "[No Variations]"
Add component (AddParameter): Name = "Price"; Value = "None"; VariantName = "[No Variations]"
Add component (AddParameter): Name = "Purchase-URL"; Value = "https://pricing.snapeda.com/search/part/RC0805FR-0710KL/?ref=eda"; VariantName = "[No Variations]"
Add component (AddParameter): Name = "SnapEDA_Link"; Value = "https://www.snapeda.com/parts/RC0805FR-0710KL/Yageo/view-part/?ref=snap"; VariantName = "[No Variations]"
Add component (AddParameter): Name = "Value"; Value = ""; VariantName = "[No Variations]"
Added Component: Designator=R22(RESC2012X60N)
Add component (AddParameter): Name = "Availability"; Value = "In Stock"; VariantName = "[No Variations]"
Add component (AddParameter): Name = "Check_prices"; Value = "https://www.snapeda.com/parts/RC0805FR-0710KL/Yageo/view-part/?ref=eda"; VariantName = "[No Variations]"
Add component (AddParameter): Name = "MF"; Value = "Yageo"; VariantName = "[No Variations]"
Add component (AddParameter): Name = "MP"; Value = "RC0805FR-0710KL"; VariantName = "[No Variations]"
Add component (AddParameter): Name = "Package"; Value = "2012 Rohm Semiconductor"; VariantName = "[No Variations]"
Add component (AddParameter): Name = "Price"; Value = "None"; VariantName = "[No Variations]"
Add component (AddParameter): Name = "Purchase-URL"; Value = "https://pricing.snapeda.com/search/part/RC0805FR-0710KL/?ref=eda"; VariantName = "[No Variations]"
Add component (AddParameter): Name = "SnapEDA_Link"; Value = "https://www.snapeda.com/parts/RC0805FR-0710KL/Yageo/view-part/?ref=snap"; VariantName = "[No Variations]"
Add component (AddParameter): Name = "Value"; Value = ""; VariantName = "[No Variations]"
Added Component: Designator=R23(RESC2012X60N)
Add component (AddParameter): Name = "Availability"; Value = "In Stock"; VariantName = "[No Variations]"
Add component (AddParameter): Name = "Check_prices"; Value = "https://www.snapeda.com/parts/RC0805FR-0710KL/Yageo/view-part/?ref=eda"; VariantName = "[No Variations]"
Add component (AddParameter): Name = "MF"; Value = "Yageo"; VariantName = "[No Variations]"
Add component (AddParameter): Name = "MP"; Value = "RC0805FR-0710KL"; VariantName = "[No Variations]"
Add component (AddParameter): Name = "Package"; Value = "2012 Rohm Semiconductor"; VariantName = "[No Variations]"
Add component (AddParameter): Name = "Price"; Value = "None"; VariantName = "[No Variations]"
Add component (AddParameter): Name = "Purchase-URL"; Value = "https://pricing.snapeda.com/search/part/RC0805FR-0710KL/?ref=eda"; VariantName = "[No Variations]"
Add component (AddParameter): Name = "SnapEDA_Link"; Value = "https://www.snapeda.com/parts/RC0805FR-0710KL/Yageo/view-part/?ref=snap"; VariantName = "[No Variations]"
Add component (AddParameter): Name = "Value"; Value = ""; VariantName = "[No Variations]"
Added Component: Designator=R24(RESC2012X60N)
Add component (AddParameter): Name = "Availability"; Value = "In Stock"; VariantName = "[No Variations]"
Add component (AddParameter): Name = "Check_prices"; Value = "https://www.snapeda.com/parts/RC0805FR-0710KL/Yageo/view-part/?ref=eda"; VariantName = "[No Variations]"
Add component (AddParameter): Name = "MF"; Value = "Yageo"; VariantName = "[No Variations]"
Add component (AddParameter): Name = "MP"; Value = "RC0805FR-0710KL"; VariantName = "[No Variations]"
Add component (AddParameter): Name = "Package"; Value = "2012 Rohm Semiconductor"; VariantName = "[No Variations]"
Add component (AddParameter): Name = "Price"; Value = "None"; VariantName = "[No Variations]"
Add component (AddParameter): Name = "Purchase-URL"; Value = "https://pricing.snapeda.com/search/part/RC0805FR-0710KL/?ref=eda"; VariantName = "[No Variations]"
Add component (AddParameter): Name = "SnapEDA_Link"; Value = "https://www.snapeda.com/parts/RC0805FR-0710KL/Yageo/view-part/?ref=snap"; VariantName = "[No Variations]"
Add component (AddParameter): Name = "Value"; Value = ""; VariantName = "[No Variations]"
Added Component: Designator=R25(RESC2012X60N)
Add component (AddParameter): Name = "Availability"; Value = "In Stock"; VariantName = "[No Variations]"
Add component (AddParameter): Name = "Check_prices"; Value = "https://www.snapeda.com/parts/RC0805FR-0710KL/Yageo/view-part/?ref=eda"; VariantName = "[No Variations]"
Add component (AddParameter): Name = "MF"; Value = "Yageo"; VariantName = "[No Variations]"
Add component (AddParameter): Name = "MP"; Value = "RC0805FR-0710KL"; VariantName = "[No Variations]"
Add component (AddParameter): Name = "Package"; Value = "2012 Rohm Semiconductor"; VariantName = "[No Variations]"
Add component (AddParameter): Name = "Price"; Value = "None"; VariantName = "[No Variations]"
Add component (AddParameter): Name = "Purchase-URL"; Value = "https://pricing.snapeda.com/search/part/RC0805FR-0710KL/?ref=eda"; VariantName = "[No Variations]"
Add component (AddParameter): Name = "SnapEDA_Link"; Value = "https://www.snapeda.com/parts/RC0805FR-0710KL/Yageo/view-part/?ref=snap"; VariantName = "[No Variations]"
Add component (AddParameter): Name = "Value"; Value = ""; VariantName = "[No Variations]"
Added Component: Designator=R26(RESC2012X60N)
Add component (AddParameter): Name = "Availability"; Value = "In Stock"; VariantName = "[No Variations]"
Add component (AddParameter): Name = "Check_prices"; Value = "https://www.snapeda.com/parts/RC0805FR-0710KL/Yageo/view-part/?ref=eda"; VariantName = "[No Variations]"
Add component (AddParameter): Name = "MF"; Value = "Yageo"; VariantName = "[No Variations]"
Add component (AddParameter): Name = "MP"; Value = "RC0805FR-0710KL"; VariantName = "[No Variations]"
Add component (AddParameter): Name = "Package"; Value = "2012 Rohm Semiconductor"; VariantName = "[No Variations]"
Add component (AddParameter): Name = "Price"; Value = "None"; VariantName = "[No Variations]"
Add component (AddParameter): Name = "Purchase-URL"; Value = "https://pricing.snapeda.com/search/part/RC0805FR-0710KL/?ref=eda"; VariantName = "[No Variations]"
Add component (AddParameter): Name = "SnapEDA_Link"; Value = "https://www.snapeda.com/parts/RC0805FR-0710KL/Yageo/view-part/?ref=snap"; VariantName = "[No Variations]"
Add component (AddParameter): Name = "Value"; Value = ""; VariantName = "[No Variations]"
Added Component: Designator=R27(RESC2012X60N)
Add component (AddParameter): Name = "Check_prices"; Value = "https://www.snapeda.com/parts/CR0805-JW-331ELF/Bourns/view-part/?ref=eda"; VariantName = "[No Variations]"
Add component (AddParameter): Name = "MF"; Value = "Bourns"; VariantName = "[No Variations]"
Add component (AddParameter): Name = "MP"; Value = "CR0805-JW-331ELF"; VariantName = "[No Variations]"
Add component (AddParameter): Name = "Package"; Value = "0805 Bourns"; VariantName = "[No Variations]"
Add component (AddParameter): Name = "SnapEDA_Link"; Value = "https://www.snapeda.com/parts/CR0805-JW-331ELF/Bourns/view-part/?ref=snap"; VariantName = "[No Variations]"
Add component (AddParameter): Name = "Value"; Value = ""; VariantName = "[No Variations]"
Added Component: Designator=R28(RESC1608X55N)
Add component (AddParameter): Name = "Check_prices"; Value = "https://www.snapeda.com/parts/RC0603JR-0751RL/Yageo/view-part/?ref=eda"; VariantName = "[No Variations]"
Add component (AddParameter): Name = "MF"; Value = "Yageo"; VariantName = "[No Variations]"
Add component (AddParameter): Name = "MP"; Value = "RC0603JR-0751RL"; VariantName = "[No Variations]"
Add component (AddParameter): Name = "Package"; Value = "1608 Yageo"; VariantName = "[No Variations]"
Add component (AddParameter): Name = "SnapEDA_Link"; Value = "https://www.snapeda.com/parts/RC0603JR-0751RL/Yageo/view-part/?ref=snap"; VariantName = "[No Variations]"
Add component (AddParameter): Name = "Value"; Value = ""; VariantName = "[No Variations]"
Added Component: Designator=S1(SW_TS07-667-43-BK-260-SMT-TR)
Add component (AddParameter): Name = "Check_prices"; Value = "https://www.snapeda.com/parts/TS07-667-43-BK-260-SMT-TR/Same+Sky/view-part/?ref=eda"; VariantName = "[No Variations]"
Add component (AddParameter): Name = "MF"; Value = "Same Sky"; VariantName = "[No Variations]"
Add component (AddParameter): Name = "MP"; Value = "TS07-667-43-BK-260-SMT-TR"; VariantName = "[No Variations]"
Add component (AddParameter): Name = "Package"; Value = "None"; VariantName = "[No Variations]"
Add component (AddParameter): Name = "SnapEDA_Link"; Value = "https://www.snapeda.com/parts/TS07-667-43-BK-260-SMT-TR/Same+Sky/view-part/?ref=snap"; VariantName = "[No Variations]"
Add component (AddParameter): Name = "Value"; Value = ""; VariantName = "[No Variations]"
Added Component: Designator=S2(SW_TS07-667-43-BK-260-SMT-TR)
Add component (AddParameter): Name = "Check_prices"; Value = "https://www.snapeda.com/parts/TS07-667-43-BK-260-SMT-TR/Same+Sky/view-part/?ref=eda"; VariantName = "[No Variations]"
Add component (AddParameter): Name = "MF"; Value = "Same Sky"; VariantName = "[No Variations]"
Add component (AddParameter): Name = "MP"; Value = "TS07-667-43-BK-260-SMT-TR"; VariantName = "[No Variations]"
Add component (AddParameter): Name = "Package"; Value = "None"; VariantName = "[No Variations]"
Add component (AddParameter): Name = "SnapEDA_Link"; Value = "https://www.snapeda.com/parts/TS07-667-43-BK-260-SMT-TR/Same+Sky/view-part/?ref=snap"; VariantName = "[No Variations]"
Add component (AddParameter): Name = "Value"; Value = ""; VariantName = "[No Variations]"
Add Component: Footprint Not Found IC_TPS27S100BPWPR
Added Component: Designator=U2(QFP50P1200X1200X160-64N)
Add component (AddParameter): Name = "Check_prices"; Value = "https://www.snapeda.com/parts/STM32F411RET6/STMicroelectronics/view-part/?ref=eda"; VariantName = "[No Variations]"
Add component (AddParameter): Name = "MF"; Value = "STMicroelectronics"; VariantName = "[No Variations]"
Add component (AddParameter): Name = "MP"; Value = "STM32F411RET6"; VariantName = "[No Variations]"
Add component (AddParameter): Name = "Package"; Value = "LQFP-64 STMicroelectronics"; VariantName = "[No Variations]"
Add component (AddParameter): Name = "SnapEDA_Link"; Value = "https://www.snapeda.com/parts/STM32F411RET6/STMicroelectronics/view-part/?ref=snap"; VariantName = "[No Variations]"
Add component (AddParameter): Name = "Value"; Value = ""; VariantName = "[No Variations]"
Added Component: Designator=U3(XCVR_ZC323200)
Add component (AddParameter): Name = "Check_prices"; Value = "https://www.snapeda.com/parts/ZC323200/YKS/view-part/?ref=eda"; VariantName = "[No Variations]"
Add component (AddParameter): Name = "MF"; Value = "YKS"; VariantName = "[No Variations]"
Add component (AddParameter): Name = "MP"; Value = "ZC323200"; VariantName = "[No Variations]"
Add component (AddParameter): Name = "Package"; Value = "None"; VariantName = "[No Variations]"
Add component (AddParameter): Name = "SnapEDA_Link"; Value = "https://www.snapeda.com/parts/ZC323200/YKS/view-part/?ref=snap"; VariantName = "[No Variations]"
Add component (AddParameter): Name = "Value"; Value = ""; VariantName = "[No Variations]"
Added Component: Designator=Y1(XTAL_ABS25-32.768KHZ-6-T)
Add component (AddParameter): Name = "Check_prices"; Value = "https://www.snapeda.com/parts/ABS25-32.768KHZ-6-T/Abracon/view-part/?ref=eda"; VariantName = "[No Variations]"
Add component (AddParameter): Name = "MF"; Value = "Abracon"; VariantName = "[No Variations]"
Add component (AddParameter): Name = "MP"; Value = "ABS25-32.768KHZ-6-T"; VariantName = "[No Variations]"
Add component (AddParameter): Name = "Package"; Value = "4-4 Abracon"; VariantName = "[No Variations]"
Add component (AddParameter): Name = "SnapEDA_Link"; Value = "https://www.snapeda.com/parts/ABS25-32.768KHZ-6-T/Abracon/view-part/?ref=snap"; VariantName = "[No Variations]"
Add component (AddParameter): Name = "Value"; Value = ""; VariantName = "[No Variations]"
Added Component: Designator=Y2(WE-XTAL_HC49/4HSMX)
Add component (AddParameter): Name = "Check_prices"; Value = "https://www.snapeda.com/parts/LFXTAL003151/IQD+Frequency+Products/view-part/?ref=eda"; VariantName = "[No Variations]"
Add component (AddParameter): Name = "MF"; Value = "IQD Frequency Products"; VariantName = "[No Variations]"
Add component (AddParameter): Name = "MP"; Value = "LFXTAL003151"; VariantName = "[No Variations]"
Add component (AddParameter): Name = "Package"; Value = "HC-49/US IQD Frequency Products"; VariantName = "[No Variations]"
Add component (AddParameter): Name = "SnapEDA_Link"; Value = "https://www.snapeda.com/parts/LFXTAL003151/IQD+Frequency+Products/view-part/?ref=snap"; VariantName = "[No Variations]"
Add component (AddParameter): Name = "Value"; Value = ""; VariantName = "[No Variations]"
Added Pin To Net: NetName=+3V3 Pin=C24-1
Added Pin To Net: NetName=+3V3 Pin=C26-2
Added Pin To Net: NetName=+3V3 Pin=C27-2
Added Pin To Net: NetName=+3V3 Pin=C30-2
Added Pin To Net: NetName=+3V3 Pin=C31-2
Added Pin To Net: NetName=+3V3 Pin=C32-2
Added Pin To Net: NetName=+3V3 Pin=C33-2
Added Pin To Net: NetName=+3V3 Pin=U2-13
Added Pin To Net: NetName=+3V3 Pin=U2-19
Added Pin To Net: NetName=+3V3 Pin=U2-32
Added Pin To Net: NetName=+3V3 Pin=U2-48
Added Pin To Net: NetName=+3V3 Pin=U2-64
Added Net: Name=+3V3
Added Pin To Net: NetName=+24V Pin=C1-2
Added Pin To Net: NetName=+24V Pin=C2-2
Added Pin To Net: NetName=+24V Pin=C3-1
Added Pin To Net: NetName=+24V Pin=R28-2
Added Net: Name=+24V
Added Pin To Net: NetName=3V3 Pin=D4-A
Added Pin To Net: NetName=3V3 Pin=J1-05
Added Pin To Net: NetName=3V3 Pin=J2-05
Added Pin To Net: NetName=3V3 Pin=J3-01
Added Pin To Net: NetName=3V3 Pin=R15-1
Added Pin To Net: NetName=3V3 Pin=R18-2
Added Pin To Net: NetName=3V3 Pin=R27-1
Added Pin To Net: NetName=3V3 Pin=U3-1
Added Net: Name=3V3
Added Pin To Net: NetName=Boot Pin=R19-2
Added Pin To Net: NetName=Boot Pin=S2-2
Added Pin To Net: NetName=Boot Pin=S2-4
Added Pin To Net: NetName=Boot Pin=U2-60
Added Net: Name=Boot
Added Pin To Net: NetName=GND Pin=C1-1
Added Pin To Net: NetName=GND Pin=C2-1
Added Pin To Net: NetName=GND Pin=C3-2
Added Pin To Net: NetName=GND Pin=C7-1
Added Pin To Net: NetName=GND Pin=C7-2
Added Pin To Net: NetName=GND Pin=C8-1
Added Pin To Net: NetName=GND Pin=C8-2
Added Pin To Net: NetName=GND Pin=C9-1
Added Pin To Net: NetName=GND Pin=C9-2
Added Pin To Net: NetName=GND Pin=C10-1
Added Pin To Net: NetName=GND Pin=C10-2
Added Pin To Net: NetName=GND Pin=C12-2
Added Pin To Net: NetName=GND Pin=C13-2
Added Pin To Net: NetName=GND Pin=C14-2
Added Pin To Net: NetName=GND Pin=C15-2
Added Pin To Net: NetName=GND Pin=C16-2
Added Pin To Net: NetName=GND Pin=C19-2
Added Pin To Net: NetName=GND Pin=C20-2
Added Pin To Net: NetName=GND Pin=C21-1
Added Pin To Net: NetName=GND Pin=C22-1
Added Pin To Net: NetName=GND Pin=C23-2
Added Pin To Net: NetName=GND Pin=C24-2
Added Pin To Net: NetName=GND Pin=C25-1
Added Pin To Net: NetName=GND Pin=C26-1
Added Pin To Net: NetName=GND Pin=C27-1
Added Pin To Net: NetName=GND Pin=C28-2
Added Pin To Net: NetName=GND Pin=C29-2
Added Pin To Net: NetName=GND Pin=C30-1
Added Pin To Net: NetName=GND Pin=C31-1
Added Pin To Net: NetName=GND Pin=C32-1
Added Pin To Net: NetName=GND Pin=C33-1
Added Pin To Net: NetName=GND Pin=D1-A
Added Pin To Net: NetName=GND Pin=D2-A
Added Pin To Net: NetName=GND Pin=D3-C
Added Pin To Net: NetName=GND Pin=D6-C
Added Pin To Net: NetName=GND Pin=J1-06
Added Pin To Net: NetName=GND Pin=J2-06
Added Pin To Net: NetName=GND Pin=J3-03
Added Pin To Net: NetName=GND Pin=J4-NEG
Added Pin To Net: NetName=GND Pin=J5-03
Added Pin To Net: NetName=GND Pin=J6-01
Added Pin To Net: NetName=GND Pin=J7-01
Added Pin To Net: NetName=GND Pin=J8-1
Added Pin To Net: NetName=GND Pin=L1-1
Added Pin To Net: NetName=GND Pin=R3-1
Added Pin To Net: NetName=GND Pin=R4-1
Added Pin To Net: NetName=GND Pin=R5-1
Added Pin To Net: NetName=GND Pin=R6-2
Added Pin To Net: NetName=GND Pin=R10-1
Added Pin To Net: NetName=GND Pin=R11-1
Added Pin To Net: NetName=GND Pin=R12-1
Added Pin To Net: NetName=GND Pin=R13-1
Added Pin To Net: NetName=GND Pin=S1-1
Added Pin To Net: NetName=GND Pin=S1-3
Added Pin To Net: NetName=GND Pin=U2-12
Added Pin To Net: NetName=GND Pin=U2-18
Added Pin To Net: NetName=GND Pin=U2-31
Added Pin To Net: NetName=GND Pin=U2-47
Added Pin To Net: NetName=GND Pin=U2-63
Added Pin To Net: NetName=GND Pin=U3-4
Added Pin To Net: NetName=GND Pin=U3-SH1
Added Pin To Net: NetName=GND Pin=U3-SH2
Added Pin To Net: NetName=GND Pin=U3-SH3
Added Pin To Net: NetName=GND Pin=U3-SH4
Added Net: Name=GND
Added Pin To Net: NetName=Net1_1 Pin=R23-1
Added Net: Name=Net1_1
Added Pin To Net: NetName=Net1_2 Pin=R24-2
Added Net: Name=Net1_2
Added Pin To Net: NetName=Net1_3 Pin=R25-1
Added Net: Name=Net1_3
Added Pin To Net: NetName=Net1_5 Pin=R26-1
Added Net: Name=Net1_5
Added Pin To Net: NetName=Net1_7 Pin=R22-1
Added Net: Name=Net1_7
Added Pin To Net: NetName=Net1_8 Pin=R21-1
Added Net: Name=Net1_8
Added Pin To Net: NetName=NetC4_1 Pin=C4-1
Added Pin To Net: NetName=NetC4_1 Pin=R1-1
Added Net: Name=NetC4_1
Added Pin To Net: NetName=NetC4_2 Pin=C4-2
Added Pin To Net: NetName=NetC4_2 Pin=C6-1
Added Pin To Net: NetName=NetC4_2 Pin=D1-C
Added Pin To Net: NetName=NetC4_2 Pin=L1-2
Added Net: Name=NetC4_2
Added Pin To Net: NetName=NetC5_1 Pin=C5-1
Added Pin To Net: NetName=NetC5_1 Pin=C11-1
Added Pin To Net: NetName=NetC5_1 Pin=D2-C
Added Pin To Net: NetName=NetC5_1 Pin=L2-1
Added Net: Name=NetC5_1
Added Pin To Net: NetName=NetC5_2 Pin=C5-2
Added Pin To Net: NetName=NetC5_2 Pin=R2-2
Added Net: Name=NetC5_2
Added Pin To Net: NetName=NetC6_2 Pin=C6-2
Added Pin To Net: NetName=NetC6_2 Pin=R4-2
Added Net: Name=NetC6_2
Added Pin To Net: NetName=NetC11_2 Pin=C11-2
Added Pin To Net: NetName=NetC11_2 Pin=R5-2
Added Net: Name=NetC11_2
Added Pin To Net: NetName=NetC12_1 Pin=C12-1
Added Pin To Net: NetName=NetC12_1 Pin=C13-1
Added Pin To Net: NetName=NetC12_1 Pin=C14-1
Added Pin To Net: NetName=NetC12_1 Pin=C15-1
Added Pin To Net: NetName=NetC12_1 Pin=L2-2
Added Pin To Net: NetName=NetC12_1 Pin=R9-1
Added Net: Name=NetC12_1
Added Pin To Net: NetName=NetC17_1 Pin=C17-1
Added Pin To Net: NetName=NetC17_1 Pin=R7-1
Added Pin To Net: NetName=NetC17_1 Pin=R11-2
Added Net: Name=NetC17_1
Added Pin To Net: NetName=NetC17_2 Pin=C17-2
Added Pin To Net: NetName=NetC17_2 Pin=R12-2
Added Net: Name=NetC17_2
Added Pin To Net: NetName=NetC18_1 Pin=C18-1
Added Pin To Net: NetName=NetC18_1 Pin=R8-2
Added Pin To Net: NetName=NetC18_1 Pin=R10-2
Added Net: Name=NetC18_1
Added Pin To Net: NetName=NetC18_2 Pin=C18-2
Added Pin To Net: NetName=NetC18_2 Pin=R13-2
Added Net: Name=NetC18_2
Added Pin To Net: NetName=NetC19_1 Pin=C19-1
Added Pin To Net: NetName=NetC19_1 Pin=R14-2
Added Pin To Net: NetName=NetC19_1 Pin=Y1-4
Added Net: Name=NetC19_1
Added Pin To Net: NetName=NetC21_2 Pin=C21-2
Added Pin To Net: NetName=NetC21_2 Pin=R16-2
Added Pin To Net: NetName=NetC21_2 Pin=Y1-1
Added Net: Name=NetC21_2
Added Pin To Net: NetName=NetC22_2 Pin=C22-2
Added Pin To Net: NetName=NetC22_2 Pin=R17-2
Added Pin To Net: NetName=NetC22_2 Pin=Y2-2
Added Net: Name=NetC22_2
Added Pin To Net: NetName=NetC23_1 Pin=C23-1
Added Pin To Net: NetName=NetC23_1 Pin=R20-2
Added Pin To Net: NetName=NetC23_1 Pin=Y2-1
Added Net: Name=NetC23_1
Added Pin To Net: NetName=NetD3_A Pin=D3-A
Added Pin To Net: NetName=NetD3_A Pin=R15-2
Added Net: Name=NetD3_A
Added Pin To Net: NetName=NetD5_A Pin=D5-A
Added Pin To Net: NetName=NetD5_A Pin=J4-POS
Added Net: Name=NetD5_A
Added Pin To Net: NetName=NetD6_A Pin=D6-A
Added Pin To Net: NetName=NetD6_A Pin=R27-2
Added Net: Name=NetD6_A
Added Pin To Net: NetName=NetJ8_2 Pin=J8-2
Added Pin To Net: NetName=NetJ8_2 Pin=R28-1
Added Net: Name=NetJ8_2
Added Pin To Net: NetName=NetR1_2 Pin=R1-2
Added Net: Name=NetR1_2
Added Pin To Net: NetName=NetR2_1 Pin=R2-1
Added Net: Name=NetR2_1
Added Pin To Net: NetName=NetR3_2 Pin=R3-2
Added Net: Name=NetR3_2
Added Pin To Net: NetName=NetR6_1 Pin=R6-1
Added Pin To Net: NetName=NetR6_1 Pin=R7-2
Added Net: Name=NetR6_1
Added Pin To Net: NetName=NetR8_1 Pin=R8-1
Added Pin To Net: NetName=NetR8_1 Pin=R9-2
Added Net: Name=NetR8_1
Added Pin To Net: NetName=NetR18_1 Pin=R18-1
Added Pin To Net: NetName=NetR18_1 Pin=S2-1
Added Net: Name=NetR18_1
Added Pin To Net: NetName=NRST Pin=C20-1
Added Pin To Net: NetName=NRST Pin=J3-05
Added Pin To Net: NetName=NRST Pin=S1-2
Added Pin To Net: NetName=NRST Pin=S1-4
Added Pin To Net: NetName=NRST Pin=U2-7
Added Net: Name=NRST
Added Pin To Net: NetName=PA1 Pin=J2-04
Added Pin To Net: NetName=PA1 Pin=U2-15
Added Net: Name=PA1
Added Pin To Net: NetName=PA4 Pin=J1-04
Added Pin To Net: NetName=PA4 Pin=U2-20
Added Net: Name=PA4
Added Pin To Net: NetName=PA5 Pin=J1-01
Added Pin To Net: NetName=PA5 Pin=J2-01
Added Pin To Net: NetName=PA5 Pin=U2-21
Added Net: Name=PA5
Added Pin To Net: NetName=PA6 Pin=J1-02
Added Pin To Net: NetName=PA6 Pin=J2-02
Added Pin To Net: NetName=PA6 Pin=U2-22
Added Net: Name=PA6
Added Pin To Net: NetName=PA7 Pin=J1-03
Added Pin To Net: NetName=PA7 Pin=J2-03
Added Pin To Net: NetName=PA7 Pin=U2-23
Added Net: Name=PA7
Added Pin To Net: NetName=PC1O Pin=R23-2
Added Pin To Net: NetName=PC1O Pin=U2-51
Added Net: Name=PC1O
Added Pin To Net: NetName=PC6 Pin=U2-37
Added Pin To Net: NetName=PC6 Pin=U3-2
Added Net: Name=PC6
Added Pin To Net: NetName=PC7 Pin=U2-38
Added Pin To Net: NetName=PC7 Pin=U3-3
Added Net: Name=PC7
Added Pin To Net: NetName=PC8 Pin=R22-2
Added Pin To Net: NetName=PC8 Pin=U2-39
Added Net: Name=PC8
Added Pin To Net: NetName=PC9 Pin=R21-2
Added Pin To Net: NetName=PC9 Pin=U2-40
Added Net: Name=PC9
Added Pin To Net: NetName=PC11 Pin=R24-1
Added Pin To Net: NetName=PC11 Pin=U2-52
Added Net: Name=PC11
Added Pin To Net: NetName=PC12 Pin=R26-2
Added Pin To Net: NetName=PC12 Pin=U2-53
Added Net: Name=PC12
Added Pin To Net: NetName=PC14 Pin=R14-1
Added Pin To Net: NetName=PC14 Pin=U2-3
Added Net: Name=PC14
Added Pin To Net: NetName=PC15 Pin=R16-1
Added Pin To Net: NetName=PC15 Pin=U2-4
Added Net: Name=PC15
Added Pin To Net: NetName=PD2 Pin=R25-2
Added Pin To Net: NetName=PD2 Pin=U2-54
Added Net: Name=PD2
Added Pin To Net: NetName=PH0 Pin=R17-1
Added Pin To Net: NetName=PH0 Pin=U2-5
Added Net: Name=PH0
Added Pin To Net: NetName=PH1 Pin=R20-1
Added Pin To Net: NetName=PH1 Pin=U2-6
Added Net: Name=PH1
Added Pin To Net: NetName=RX Pin=J5-02
Added Pin To Net: NetName=RX Pin=U2-17
Added Net: Name=RX
Added Pin To Net: NetName=SWCLK Pin=J3-02
Added Net: Name=SWCLK
Added Pin To Net: NetName=SWDIO Pin=J3-04
Added Net: Name=SWDIO
Added Pin To Net: NetName=TPS BP Pin=C16-1
Added Pin To Net: NetName=TPS BP Pin=J6-03
Added Pin To Net: NetName=TPS BP Pin=J7-03
Added Net: Name=TPS BP
Added Pin To Net: NetName=TPS ILIM2 Pin=J6-02
Added Net: Name=TPS ILIM2
Added Pin To Net: NetName=TPS Sequance Pin=J7-02
Added Net: Name=TPS Sequance
Added Pin To Net: NetName=TX Pin=J5-01
Added Pin To Net: NetName=TX Pin=U2-16
Added Net: Name=TX
Added Pin To Net: NetName=VBAT_RTC Pin=C25-2
Added Pin To Net: NetName=VBAT_RTC Pin=D4-C
Added Pin To Net: NetName=VBAT_RTC Pin=D5-C
Added Pin To Net: NetName=VBAT_RTC Pin=U2-1
Added Net: Name=VBAT_RTC
Added Pin To Net: NetName=VCAP1 Pin=C28-1
Added Pin To Net: NetName=VCAP1 Pin=C29-1
Added Net: Name=VCAP1
Added Class: Name=MCU
Added Class: Name=Power section
