Change Component Designator: Old Designator=C1 New Designator=C3
Change Component Designator: Old Designator=C2 New Designator=C1
Change Component Designator: Old Designator=C3 New Designator=C2
Change Component Designator: Old Designator=C4 New Designator=C5
Change Component Designator: Old Designator=C5 New Designator=C6
Change Component Designator: Old Designator=C6 New Designator=C4
Change Component Designator: Old Designator=C7 New Designator=C11
Change Component Designator: Old Designator=C8 New Designator=C16
Change Component Designator: Old Designator=C9 New Designator=C17
Change Component Designator: Old Designator=C11 New Designator=C18
Change Component Designator: Old Designator=C12 New Designator=C8
Change Component Designator: Old Designator=C14 New Designator=C9
Change Component Designator: Old Designator=C16 New Designator=C14
Change Component Designator: Old Designator=C17 New Designator=C7
Change Component Designator: Old Designator=C18 New Designator=C12
Change Component Designator: Old Designator=D1 New Designator=D2
Change Component Designator: Old Designator=D2 New Designator=D1
Change Component Designator: Old Designator=J1 New Designator=J5
Change Component Designator: Old Designator=J2 New Designator=J4
Change Component Designator: Old Designator=J3 New Designator=J6
Change Component Designator: Old Designator=J4 New Designator=J7
Change Component Designator: Old Designator=J5 New Designator=J1
Change Component Designator: Old Designator=J6 New Designator=J3
Change Component Designator: Old Designator=J7 New Designator=J2
Change Component Designator: Old Designator=R1 New Designator=R14
Change Component Designator: Old Designator=R3 New Designator=R15
Change Component Designator: Old Designator=R4 New Designator=R1
Change Component Designator: Old Designator=R5 New Designator=R16
Change Component Designator: Old Designator=R6 New Designator=R3
Change Component Designator: Old Designator=R7 New Designator=R4
Change Component Designator: Old Designator=R8 New Designator=R11
Change Component Designator: Old Designator=R9 New Designator=R5
Change Component Designator: Old Designator=R11 New Designator=R7
Change Component Designator: Old Designator=R13 New Designator=R6
Change Component Designator: Old Designator=R14 New Designator=R13
Change Component Designator: Old Designator=R15 New Designator=R8
Change Component Designator: Old Designator=R16 New Designator=R9
Change Component Designator: Old Designator=TP2 New Designator=TP4
Change Component Designator: Old Designator=TP4 New Designator=TP6
Change Component Designator: Old Designator=TP5 New Designator=TP7
Change Component Designator: Old Designator=TP6 New Designator=TP8
Change Component Designator: Old Designator=TP7 New Designator=TP9
Change Component Designator: Old Designator=TP8 New Designator=TP2
Change Component Designator: Old Designator=TP9 New Designator=TP5
