Change Component Description : Designator=C3 Old Description=0603 C 100nF Ceramic Multilayer Capacitor, 25 V, +125degC, X7R Dielectric, +/-5% New Description=0603 C 100nF Ceramic Multilayer Capacitor, 25 V, +125degC, X7R Dielectric, +/-5% | KEMET C0603C104J3RACTU
Change Component Description : Designator=C6 Old Description=0603 C 100nF Ceramic Multilayer Capacitor, 25 V, +125degC, X7R Dielectric, +/-5% New Description=0603 C 100nF Ceramic Multilayer Capacitor, 25 V, +125degC, X7R Dielectric, +/-5% | KEMET C0603C104J3RACTU
Change Component Description : Designator=C7 Old Description=0603 C 100nF Ceramic Multilayer Capacitor, 25 V, +125degC, X7R Dielectric, +/-5% New Description=0603 C 100nF Ceramic Multilayer Capacitor, 25 V, +125degC, X7R Dielectric, +/-5% | KEMET C0603C104J3RACTU
Change Component Description : Designator=C9 Old Description=0603 C 100nF Ceramic Multilayer Capacitor, 25 V, +125degC, X7R Dielectric, +/-5% New Description=0603 C 100nF Ceramic Multilayer Capacitor, 25 V, +125degC, X7R Dielectric, +/-5% | KEMET C0603C104J3RACTU
Change Component Description : Designator=C10 Old Description=0603 C 100nF Ceramic Multilayer Capacitor, 25 V, +125degC, X7R Dielectric, +/-5% New Description=0603 C 100nF Ceramic Multilayer Capacitor, 25 V, +125degC, X7R Dielectric, +/-5% | KEMET C0603C104J3RACTU
Change Component Description : Designator=C11 Old Description=0603 C 100nF Ceramic Multilayer Capacitor, 25 V, +125degC, X7R Dielectric, +/-5% New Description=0603 C 100nF Ceramic Multilayer Capacitor, 25 V, +125degC, X7R Dielectric, +/-5% | KEMET C0603C104J3RACTU
Change Component Description : Designator=C14 Old Description=0603 C 100nF Ceramic Multilayer Capacitor, 25 V, +125degC, X7R Dielectric, +/-5% New Description=0603 C 100nF Ceramic Multilayer Capacitor, 25 V, +125degC, X7R Dielectric, +/-5% | KEMET C0603C104J3RACTU
Change Component Description : Designator=C15 Old Description=0603 C 100nF Ceramic Multilayer Capacitor, 25 V, +125degC, X7R Dielectric, +/-5% New Description=0603 C 100nF Ceramic Multilayer Capacitor, 25 V, +125degC, X7R Dielectric, +/-5% | KEMET C0603C104J3RACTU
Change Component Description : Designator=C16 Old Description=0603 C 100nF Ceramic Multilayer Capacitor, 25 V, +125degC, X7R Dielectric, +/-5% New Description=0603 C 100nF Ceramic Multilayer Capacitor, 25 V, +125degC, X7R Dielectric, +/-5% | KEMET C0603C104J3RACTU
Change Component Description : Designator=C17 Old Description=0603 C 100nF Ceramic Multilayer Capacitor, 25 V, +125degC, X7R Dielectric, +/-5% New Description=0603 C 100nF Ceramic Multilayer Capacitor, 25 V, +125degC, X7R Dielectric, +/-5% | KEMET C0603C104J3RACTU
Change Component Description : Designator=C18 Old Description=0603 C 100nF Ceramic Multilayer Capacitor, 25 V, +125degC, X7R Dielectric, +/-5% New Description=0603 C 100nF Ceramic Multilayer Capacitor, 25 V, +125degC, X7R Dielectric, +/-5% | KEMET C0603C104J3RACTU
Change Component Description : Designator=C19 Old Description=0603 C 100nF Ceramic Multilayer Capacitor, 25 V, +125degC, X7R Dielectric, +/-5% New Description=0603 C 100nF Ceramic Multilayer Capacitor, 25 V, +125degC, X7R Dielectric, +/-5% | KEMET C0603C104J3RACTU
Change Component Description : Designator=C20 Old Description=0603 C 100nF Ceramic Multilayer Capacitor, 25 V, +125degC, X7R Dielectric, +/-5% New Description=0603 C 100nF Ceramic Multilayer Capacitor, 25 V, +125degC, X7R Dielectric, +/-5% | KEMET C0603C104J3RACTU
Change Component Description : Designator=C21 Old Description=0603 C 100nF Ceramic Multilayer Capacitor, 25 V, +125degC, X7R Dielectric, +/-5% New Description=0603 C 100nF Ceramic Multilayer Capacitor, 25 V, +125degC, X7R Dielectric, +/-5% | KEMET C0603C104J3RACTU
Change Component Description : Designator=C22 Old Description=0603 C 100nF Ceramic Multilayer Capacitor, 25 V, +125degC, X7R Dielectric, +/-5% New Description=0603 C 100nF Ceramic Multilayer Capacitor, 25 V, +125degC, X7R Dielectric, +/-5% | KEMET C0603C104J3RACTU
Change Component Description : Designator=C24 Old Description=0603 C 100nF Ceramic Multilayer Capacitor, 25 V, +125degC, X7R Dielectric, +/-5% New Description=0603 C 100nF Ceramic Multilayer Capacitor, 25 V, +125degC, X7R Dielectric, +/-5% | KEMET C0603C104J3RACTU
Change Component Description : Designator=C25 Old Description=0603 C 100nF Ceramic Multilayer Capacitor, 25 V, +125degC, X7R Dielectric, +/-5% New Description=0603 C 100nF Ceramic Multilayer Capacitor, 25 V, +125degC, X7R Dielectric, +/-5% | KEMET C0603C104J3RACTU
Change Component Description : Designator=C1 Old Description=Capacitor Ceramic C0G 0603 50V 20pF New Description=Capacitor Ceramic C0G 0603 50V 20pF | KEMET C0603C200J5GACTU
Change Component Description : Designator=C2 Old Description=Capacitor Ceramic C0G 0603 50V 20pF New Description=Capacitor Ceramic C0G 0603 50V 20pF | KEMET C0603C200J5GACTU
Change Component Description : Designator=C4 Old Description=Capacitor Ceramic C0G 0603 50V 20pF New Description=Capacitor Ceramic C0G 0603 50V 20pF | KEMET C0603C200J5GACTU
Change Component Description : Designator=C5 Old Description=Capacitor Ceramic C0G 0603 50V 20pF New Description=Capacitor Ceramic C0G 0603 50V 20pF | KEMET C0603C200J5GACTU
Change Component Description : Designator=C26 Old Description=Capacitor Ceramic C0G 0603 50V 20pF New Description=Capacitor Ceramic C0G 0603 50V 20pF | KEMET C0603C200J5GACTU
Change Component Description : Designator=C27 Old Description=Capacitor Ceramic C0G 0603 50V 20pF New Description=Capacitor Ceramic C0G 0603 50V 20pF | KEMET C0603C200J5GACTU
Change Component Description : Designator=R6 Old Description=Res 0805 330R 5% 125mW New Description=Res 0805 330R 5% 125mW | Bourns CR0805-JW-331ELF
Added Component: Designator=C28(CAPC1608X90)
Add component (AddParameter): Name = "Check_prices"; Value = "https://www.snapeda.com/parts/C0603C104J3RACTU/KEMET/view-part/?ref=eda"; VariantName = "[No Variations]"
Add component (AddParameter): Name = "MF"; Value = "KEMET"; VariantName = "[No Variations]"
Add component (AddParameter): Name = "MP"; Value = "C0603C104J3RACTU"; VariantName = "[No Variations]"
Add component (AddParameter): Name = "Package"; Value = "603-2 KEMET"; VariantName = "[No Variations]"
Add component (AddParameter): Name = "SnapEDA_Link"; Value = "https://www.snapeda.com/parts/C0603C104J3RACTU/KEMET/view-part/?ref=snap"; VariantName = "[No Variations]"
Add component (AddParameter): Name = "Value"; Value = ""; VariantName = "[No Variations]"
Added Component: Designator=C29(CAPC1608X90)
Add component (AddParameter): Name = "Check_prices"; Value = "https://www.snapeda.com/parts/C0603C104J3RACTU/KEMET/view-part/?ref=eda"; VariantName = "[No Variations]"
Add component (AddParameter): Name = "MF"; Value = "KEMET"; VariantName = "[No Variations]"
Add component (AddParameter): Name = "MP"; Value = "C0603C104J3RACTU"; VariantName = "[No Variations]"
Add component (AddParameter): Name = "Package"; Value = "603-2 KEMET"; VariantName = "[No Variations]"
Add component (AddParameter): Name = "SnapEDA_Link"; Value = "https://www.snapeda.com/parts/C0603C104J3RACTU/KEMET/view-part/?ref=snap"; VariantName = "[No Variations]"
Add component (AddParameter): Name = "Value"; Value = ""; VariantName = "[No Variations]"
Added Component: Designator=C30(CAPC1608X90)
Add component (AddParameter): Name = "Check_prices"; Value = "https://www.snapeda.com/parts/C0603C104J3RACTU/KEMET/view-part/?ref=eda"; VariantName = "[No Variations]"
Add component (AddParameter): Name = "MF"; Value = "KEMET"; VariantName = "[No Variations]"
Add component (AddParameter): Name = "MP"; Value = "C0603C104J3RACTU"; VariantName = "[No Variations]"
Add component (AddParameter): Name = "Package"; Value = "603-2 KEMET"; VariantName = "[No Variations]"
Add component (AddParameter): Name = "SnapEDA_Link"; Value = "https://www.snapeda.com/parts/C0603C104J3RACTU/KEMET/view-part/?ref=snap"; VariantName = "[No Variations]"
Add component (AddParameter): Name = "Value"; Value = ""; VariantName = "[No Variations]"
Added Component: Designator=C31(CAPC1608X90)
Add component (AddParameter): Name = "Check_prices"; Value = "https://www.snapeda.com/parts/C0603C104J3RACTU/KEMET/view-part/?ref=eda"; VariantName = "[No Variations]"
Add component (AddParameter): Name = "MF"; Value = "KEMET"; VariantName = "[No Variations]"
Add component (AddParameter): Name = "MP"; Value = "C0603C104J3RACTU"; VariantName = "[No Variations]"
Add component (AddParameter): Name = "Package"; Value = "603-2 KEMET"; VariantName = "[No Variations]"
Add component (AddParameter): Name = "SnapEDA_Link"; Value = "https://www.snapeda.com/parts/C0603C104J3RACTU/KEMET/view-part/?ref=snap"; VariantName = "[No Variations]"
Add component (AddParameter): Name = "Value"; Value = ""; VariantName = "[No Variations]"
Added Component: Designator=C32(CAPC1608X90)
Add component (AddParameter): Name = "Check_prices"; Value = "https://www.snapeda.com/parts/C0603C104J3RACTU/KEMET/view-part/?ref=eda"; VariantName = "[No Variations]"
Add component (AddParameter): Name = "MF"; Value = "KEMET"; VariantName = "[No Variations]"
Add component (AddParameter): Name = "MP"; Value = "C0603C104J3RACTU"; VariantName = "[No Variations]"
Add component (AddParameter): Name = "Package"; Value = "603-2 KEMET"; VariantName = "[No Variations]"
Add component (AddParameter): Name = "SnapEDA_Link"; Value = "https://www.snapeda.com/parts/C0603C104J3RACTU/KEMET/view-part/?ref=snap"; VariantName = "[No Variations]"
Add component (AddParameter): Name = "Value"; Value = ""; VariantName = "[No Variations]"
Added Component: Designator=C33(CAPC1608X90)
Add component (AddParameter): Name = "Check_prices"; Value = "https://www.snapeda.com/parts/C0603C104J3RACTU/KEMET/view-part/?ref=eda"; VariantName = "[No Variations]"
Add component (AddParameter): Name = "MF"; Value = "KEMET"; VariantName = "[No Variations]"
Add component (AddParameter): Name = "MP"; Value = "C0603C104J3RACTU"; VariantName = "[No Variations]"
Add component (AddParameter): Name = "Package"; Value = "603-2 KEMET"; VariantName = "[No Variations]"
Add component (AddParameter): Name = "SnapEDA_Link"; Value = "https://www.snapeda.com/parts/C0603C104J3RACTU/KEMET/view-part/?ref=snap"; VariantName = "[No Variations]"
Add component (AddParameter): Name = "Value"; Value = ""; VariantName = "[No Variations]"
Added Component: Designator=C34(CAPC1608X90)
Add component (AddParameter): Name = "Check_prices"; Value = "https://www.snapeda.com/parts/C0603C104J3RACTU/KEMET/view-part/?ref=eda"; VariantName = "[No Variations]"
Add component (AddParameter): Name = "MF"; Value = "KEMET"; VariantName = "[No Variations]"
Add component (AddParameter): Name = "MP"; Value = "C0603C104J3RACTU"; VariantName = "[No Variations]"
Add component (AddParameter): Name = "Package"; Value = "603-2 KEMET"; VariantName = "[No Variations]"
Add component (AddParameter): Name = "SnapEDA_Link"; Value = "https://www.snapeda.com/parts/C0603C104J3RACTU/KEMET/view-part/?ref=snap"; VariantName = "[No Variations]"
Add component (AddParameter): Name = "Value"; Value = ""; VariantName = "[No Variations]"
Added Component: Designator=C35(CAPC2012X135N)
Add component (AddParameter): Name = "Check_prices"; Value = "https://www.snapeda.com/parts/CL21B225KPFNNNG/Samsung/view-part/?ref=eda"; VariantName = "[No Variations]"
Add component (AddParameter): Name = "MF"; Value = "Samsung"; VariantName = "[No Variations]"
Add component (AddParameter): Name = "MP"; Value = "CL21B225KPFNNNG"; VariantName = "[No Variations]"
Add component (AddParameter): Name = "Package"; Value = "SMD-2 Samsung"; VariantName = "[No Variations]"
Add component (AddParameter): Name = "SnapEDA_Link"; Value = "https://www.snapeda.com/parts/CL21B225KPFNNNG/Samsung/view-part/?ref=snap"; VariantName = "[No Variations]"
Add component (AddParameter): Name = "Value"; Value = ""; VariantName = "[No Variations]"
Added Pin To Net: NetName=GND Pin=C28-1
Added Pin To Net: NetName=3V3 Pin=C28-2
Added Pin To Net: NetName=GND Pin=C29-1
Added Pin To Net: NetName=3V3 Pin=C29-2
Added Pin To Net: NetName=GND Pin=C30-1
Added Pin To Net: NetName=3V3 Pin=C30-2
Added Pin To Net: NetName=GND Pin=C31-1
Added Pin To Net: NetName=3V3 Pin=C31-2
Added Pin To Net: NetName=GND Pin=C32-1
Added Pin To Net: NetName=3V3 Pin=C32-2
Added Pin To Net: NetName=GND Pin=C33-1
Added Pin To Net: NetName=3V3 Pin=C33-2
Added Pin To Net: NetName=GND Pin=C34-1
Added Pin To Net: NetName=3V3 Pin=C34-2
Added Pin To Net: NetName=3V3 Pin=C35-1
Added Pin To Net: NetName=GND Pin=C35-2
Added Pin To Net: NetName=3V3 Pin=J4-05
Added Pin To Net: NetName=GND Pin=J4-06
Added Member To Class: ClassName=Sheet1 Member=Component C28 100NF
Added Member To Class: ClassName=Sheet1 Member=Component C29 100NF
Added Member To Class: ClassName=Sheet1 Member=Component C30 100NF
Added Member To Class: ClassName=Sheet1 Member=Component C31 100NF
Added Member To Class: ClassName=Sheet1 Member=Component C32 100NF
Added Member To Class: ClassName=Sheet1 Member=Component C33 100NF
Added Member To Class: ClassName=Sheet1 Member=Component C34 100NF
Added Member To Class: ClassName=Sheet1 Member=Component C35 10UF
