Removed Pin From Net: NetName=3V3 Pin=C28-2
Removed Pin From Net: NetName=3V3 Pin=C29-2
Removed Pin From Net: NetName=3V3 Pin=C30-2
Removed Pin From Net: NetName=3V3 Pin=C31-2
Removed Pin From Net: NetName=3V3 Pin=C32-2
Removed Pin From Net: NetName=3V3 Pin=C33-2
Removed Pin From Net: NetName=3V3 Pin=C34-2
Removed Pin From Net: NetName=3V3 Pin=C35-1
Removed Pin From Net: NetName=3V3 Pin=U3-4
Removed Pin From Net: NetName=3V3 Pin=U3-8
Removed Pin From Net: NetName=3V3 Pin=U3-11
Removed Pin From Net: NetName=3V3 Pin=U3-15
Removed Pin From Net: NetName=3V3 Pin=U3-17
Removed Pin From Net: NetName=3V3 Pin=U3-21
Removed Pin From Net: NetName=3V3 Pin=U3-28
Added Pin To Net: NetName=3V3_ Pin=C28-2
Added Pin To Net: NetName=3V3_ Pin=C29-2
Added Pin To Net: NetName=3V3_ Pin=C30-2
Added Pin To Net: NetName=3V3_ Pin=C31-2
Added Pin To Net: NetName=3V3_ Pin=C32-2
Added Pin To Net: NetName=3V3_ Pin=C33-2
Added Pin To Net: NetName=3V3_ Pin=C34-2
Added Pin To Net: NetName=3V3_ Pin=C35-1
Added Pin To Net: NetName=3V3_ Pin=U3-4
Added Pin To Net: NetName=3V3_ Pin=U3-8
Added Pin To Net: NetName=3V3_ Pin=U3-11
Added Pin To Net: NetName=3V3_ Pin=U3-15
Added Pin To Net: NetName=3V3_ Pin=U3-17
Added Pin To Net: NetName=3V3_ Pin=U3-21
Added Pin To Net: NetName=3V3_ Pin=U3-28
Added Net: Name=3V3_
