Removed Pin From Net: NetName=GND Pin=J8-NEG
Removed Member From Class: ClassName=MCU Member=J8
Change Component Designator: OldDesignator=C19 NewDesignator=C1
Change Component Designator: OldDesignator=C20 NewDesignator=C2
Change Component Designator: OldDesignator=C21 NewDesignator=C3
Change Component Designator: OldDesignator=C22 NewDesignator=C4
Change Component Designator: OldDesignator=C23 NewDesignator=C5
Change Component Designator: OldDesignator=C24 NewDesignator=C6
Change Component Designator: OldDesignator=C25 NewDesignator=C7
Change Component Designator: OldDesignator=C26 NewDesignator=C8
Change Component Designator: OldDesignator=C27 NewDesignator=C9
Change Component Designator: OldDesignator=C28 NewDesignator=C10
Change Component Designator: OldDesignator=C29 NewDesignator=C11
Change Component Designator: OldDesignator=C30 NewDesignator=C12
Change Component Designator: OldDesignator=C31 NewDesignator=C13
Change Component Designator: OldDesignator=C32 NewDesignator=C14
Change Component Designator: OldDesignator=C33 NewDesignator=C15
Change Component Designator: OldDesignator=C34 NewDesignator=C16
Change Component Designator: OldDesignator=C35 NewDesignator=C17
Change Component Designator: OldDesignator=C36 NewDesignator=C18
Change Component Designator: OldDesignator=C37 NewDesignator=C23
Change Component Designator: OldDesignator=C38 NewDesignator=C24
Change Component Designator: OldDesignator=C39 NewDesignator=C26
Change Component Designator: OldDesignator=C40 NewDesignator=C27
Change Component Designator: OldDesignator=C41 NewDesignator=C19
Change Component Designator: OldDesignator=C42 NewDesignator=C20
Change Component Designator: OldDesignator=C43 NewDesignator=C21
Change Component Designator: OldDesignator=C44 NewDesignator=C22
Change Component Designator: OldDesignator=C45 NewDesignator=C25
Change Component Designator: OldDesignator=D3 NewDesignator=D1
Change Component Designator: OldDesignator=D4 NewDesignator=D2
Change Component Designator: OldDesignator=J7 NewDesignator=J1
Change Component Designator: OldDesignator=J9 NewDesignator=J3
Change Component Designator: OldDesignator=J10 NewDesignator=J4
Change Component Designator: OldDesignator=R17 NewDesignator=R1
Change Component Designator: OldDesignator=R18 NewDesignator=R2
Change Component Designator: OldDesignator=R19 NewDesignator=R3
Change Component Designator: OldDesignator=R20 NewDesignator=R4
Change Component Designator: OldDesignator=R21 NewDesignator=R5
Change Component Designator: OldDesignator=R22 NewDesignator=R6
Change Component Designator: OldDesignator=R23 NewDesignator=R8
Change Component Designator: OldDesignator=R24 NewDesignator=R10
Change Component Designator: OldDesignator=R25 NewDesignator=R9
Change Component Designator: OldDesignator=R26 NewDesignator=R7
Change Component Designator: OldDesignator=R27 NewDesignator=R11
Change Component Designator: OldDesignator=R28 NewDesignator=R12
Change Component Designator: OldDesignator=R29 NewDesignator=R13
Change Component Designator: OldDesignator=R30 NewDesignator=R15
Change Component Designator: OldDesignator=R31 NewDesignator=R20
Change Component Designator: OldDesignator=R32 NewDesignator=R27
Change Component Designator: OldDesignator=R33 NewDesignator=R21
Change Component Designator: OldDesignator=R34 NewDesignator=R22
Change Component Designator: OldDesignator=R35 NewDesignator=R28
Change Component Designator: OldDesignator=R36 NewDesignator=R23
Change Component Designator: OldDesignator=R37 NewDesignator=R25
Change Component Designator: OldDesignator=R38 NewDesignator=R26
Change Component Designator: OldDesignator=R39 NewDesignator=R14
Change Component Designator: OldDesignator=R40 NewDesignator=R16
Change Component Designator: OldDesignator=R41 NewDesignator=R17
Change Component Designator: OldDesignator=R42 NewDesignator=R18
Change Component Designator: OldDesignator=R43 NewDesignator=R19
Change Component Designator: OldDesignator=R44 NewDesignator=R24
Change Component Designator: OldDesignator=U2 NewDesignator=U1
Change Component Designator: OldDesignator=U3 NewDesignator=U2
Change Component Designator: OldDesignator=U4 NewDesignator=U3
Add Component: Footprint Not Found SAMTEC_HMTSW-103-XX-X-S-XXX
Add Pin To Net: Unknown Pin: Pin J2-02
Change Net Name : Old Net Name=NetC19_1 New Net Name=NetC1_1
Change Net Name : Old Net Name=NetC20_2 New Net Name=NetC2_2
Change Net Name : Old Net Name=NetC22_2 New Net Name=NetC4_2
Change Net Name : Old Net Name=NetC23_1 New Net Name=NetC5_1
Change Net Name : Old Net Name=NetC37_1 New Net Name=NetC23_1
Change Net Name : Old Net Name=NetC38_2 New Net Name=NetC24_2
Change Net Name : Old Net Name=NetC40_2 New Net Name=NetC27_2
Change Net Name : Old Net Name=NetC41_1 New Net Name=NetC19_1
Change Net Name : Old Net Name=NetC42_1 New Net Name=NetC20_1
Change Net Name : Old Net Name=NetC42_2 New Net Name=NetC20_2
Change Net Name : Old Net Name=NetC43_1 New Net Name=NetC21_1
Change Net Name : Old Net Name=NetC44_1 New Net Name=NetC22_1
Change Net Name : Old Net Name=NetC44_2 New Net Name=NetC22_2
Change Net Name : Old Net Name=NetC45_1 New Net Name=NetC25_1
Change Net Name : Old Net Name=NetJ10_01 New Net Name=NetJ4_01
Change Net Name : Old Net Name=NetJ10_02 New Net Name=NetJ4_02
Change Net Name : Old Net Name=NetJ10_03 New Net Name=NetJ4_03
Change Net Name : Old Net Name=NetJ10_04 New Net Name=NetJ4_04
Change Net Name : Old Net Name=NetR21_1 New Net Name=NetR5_1
Change Net Name : Old Net Name=NetR23_2 New Net Name=NetR8_2
Change Net Name : Old Net Name=NetR25_2 New Net Name=NetR9_2
Change Net Name : Old Net Name=NetR27_1 New Net Name=NetR11_1
Change Net Name : Old Net Name=NetR28_1 New Net Name=NetR12_1
Change Net Name : Old Net Name=NetR29_1 New Net Name=NetR13_1
Change Net Name : Old Net Name=NetR30_1 New Net Name=NetR15_1
Change Net Name : Old Net Name=NetR31_2 New Net Name=NetR20_2
Change Net Name : Old Net Name=NetR33_2 New Net Name=NetR21_2
Change Net Name : Old Net Name=NetR34_2 New Net Name=NetR22_2
Change Net Name : Old Net Name=NetR36_2 New Net Name=NetR23_2
Change Net Name : Old Net Name=NetR37_2 New Net Name=NetR25_2
Change Net Name : Old Net Name=NetR38_2 New Net Name=NetR26_2
Change Net Name : Old Net Name=NetR39_1 New Net Name=NetR14_1
Change Net Name : Old Net Name=NetR40_2 New Net Name=NetR16_2
Change Net Name : Old Net Name=NetR43_1 New Net Name=NetR19_1
Added Pin To Net: NetName=NetD2_A Pin=D2-A
Added Net: Name=NetD2_A
Add Class Member: Failed to add class member : Component J2 Header 3
