Change Component Description : Designator=C17 Old Description=0603 C 100nF Ceramic Multilayer Capacitor, 25 V, +125degC, X7R Dielectric, +/-5% New Description=0603 C 100nF Ceramic Multilayer Capacitor, 25 V, +125degC, X7R Dielectric, +/-5% | KEMET C0603C104J3RACTU
Change Component Description : Designator=C18 Old Description=0603 C 100nF Ceramic Multilayer Capacitor, 25 V, +125degC, X7R Dielectric, +/-5% New Description=0603 C 100nF Ceramic Multilayer Capacitor, 25 V, +125degC, X7R Dielectric, +/-5% | KEMET C0603C104J3RACTU
Change Component Description : Designator=C20 Old Description=0603 C 100nF Ceramic Multilayer Capacitor, 25 V, +125degC, X7R Dielectric, +/-5% New Description=0603 C 100nF Ceramic Multilayer Capacitor, 25 V, +125degC, X7R Dielectric, +/-5% | KEMET C0603C104J3RACTU
Change Component Description : Designator=C25 Old Description=0603 C 100nF Ceramic Multilayer Capacitor, 25 V, +125degC, X7R Dielectric, +/-5% New Description=0603 C 100nF Ceramic Multilayer Capacitor, 25 V, +125degC, X7R Dielectric, +/-5% | KEMET C0603C104J3RACTU
Change Component Description : Designator=C26 Old Description=0603 C 100nF Ceramic Multilayer Capacitor, 25 V, +125degC, X7R Dielectric, +/-5% New Description=0603 C 100nF Ceramic Multilayer Capacitor, 25 V, +125degC, X7R Dielectric, +/-5% | KEMET C0603C104J3RACTU
Change Component Description : Designator=C27 Old Description=0603 C 100nF Ceramic Multilayer Capacitor, 25 V, +125degC, X7R Dielectric, +/-5% New Description=0603 C 100nF Ceramic Multilayer Capacitor, 25 V, +125degC, X7R Dielectric, +/-5% | KEMET C0603C104J3RACTU
Change Component Description : Designator=C30 Old Description=0603 C 100nF Ceramic Multilayer Capacitor, 25 V, +125degC, X7R Dielectric, +/-5% New Description=0603 C 100nF Ceramic Multilayer Capacitor, 25 V, +125degC, X7R Dielectric, +/-5% | KEMET C0603C104J3RACTU
Change Component Description : Designator=C31 Old Description=0603 C 100nF Ceramic Multilayer Capacitor, 25 V, +125degC, X7R Dielectric, +/-5% New Description=0603 C 100nF Ceramic Multilayer Capacitor, 25 V, +125degC, X7R Dielectric, +/-5% | KEMET C0603C104J3RACTU
Change Component Description : Designator=C32 Old Description=0603 C 100nF Ceramic Multilayer Capacitor, 25 V, +125degC, X7R Dielectric, +/-5% New Description=0603 C 100nF Ceramic Multilayer Capacitor, 25 V, +125degC, X7R Dielectric, +/-5% | KEMET C0603C104J3RACTU
Change Component Description : Designator=C33 Old Description=0603 C 100nF Ceramic Multilayer Capacitor, 25 V, +125degC, X7R Dielectric, +/-5% New Description=0603 C 100nF Ceramic Multilayer Capacitor, 25 V, +125degC, X7R Dielectric, +/-5% | KEMET C0603C104J3RACTU
Change Component Description : Designator=C3 Old Description=Capacitor,Alum Electrolytic,Cap 100 uF,Tol 20%,Vol-Rtg 25 VDC,SMT,8x10.2,TR New Description=Capacitor,Alum Electrolytic,Cap 100 uF,Tol 20%,Vol-Rtg 25 VDC,SMT,8x10.2,TR | Panasonic Electronic Components EEE-FC1E101P
Change Component Description : Designator=C7 Old Description=Capacitor,Alum Electrolytic,Cap 100 uF,Tol 20%,Vol-Rtg 25 VDC,SMT,8x10.2,TR New Description=Capacitor,Alum Electrolytic,Cap 100 uF,Tol 20%,Vol-Rtg 25 VDC,SMT,8x10.2,TR | Panasonic Electronic Components EEE-FC1E101P
Change Component Description : Designator=C12 Old Description=Capacitor,Alum Electrolytic,Cap 100 uF,Tol 20%,Vol-Rtg 25 VDC,SMT,8x10.2,TR New Description=Capacitor,Alum Electrolytic,Cap 100 uF,Tol 20%,Vol-Rtg 25 VDC,SMT,8x10.2,TR | Panasonic Electronic Components EEE-FC1E101P
Change Component Description : Designator=C19 Old Description=Capacitor Ceramic C0G 0603 50V 20pF New Description=Capacitor Ceramic C0G 0603 50V 20pF | KEMET C0603C200J5GACTU
Change Component Description : Designator=C21 Old Description=Capacitor Ceramic C0G 0603 50V 20pF New Description=Capacitor Ceramic C0G 0603 50V 20pF | KEMET C0603C200J5GACTU
Change Component Description : Designator=C22 Old Description=Capacitor Ceramic C0G 0603 50V 20pF New Description=Capacitor Ceramic C0G 0603 50V 20pF | KEMET C0603C200J5GACTU
Change Component Description : Designator=C23 Old Description=Capacitor Ceramic C0G 0603 50V 20pF New Description=Capacitor Ceramic C0G 0603 50V 20pF | KEMET C0603C200J5GACTU
Change Component Description : Designator=R15 Old Description=Res 0805 330R 5% 125mW New Description=Res 0805 330R 5% 125mW | Bourns CR0805-JW-331ELF
Change Component Description : Designator=R19 Old Description=Res 0805 330R 5% 125mW New Description=Res 0805 330R 5% 125mW | Bourns CR0805-JW-331ELF
Change Component Description : Designator=R27 Old Description=Res 0805 330R 5% 125mW New Description=Res 0805 330R 5% 125mW | Bourns CR0805-JW-331ELF
Added Pin To Net: NetName=NetC7_1 Pin=R29-1
Change Net Name : Old Net Name=NetC7_1 New Net Name=+5V
