Removed Pin From Net: NetName=GND Pin=C1-1
Removed Pin From Net: NetName=GND Pin=C2-1
Removed Pin From Net: NetName=GND Pin=C3-2
Removed Pin From Net: NetName=GND Pin=C7-2
Removed Pin From Net: NetName=GND Pin=C8-2
Removed Pin From Net: NetName=GND Pin=C9-2
Removed Pin From Net: NetName=GND Pin=C10-2
Removed Pin From Net: NetName=3V3 Pin=C12-1
Removed Pin From Net: NetName=GND Pin=C12-2
Removed Pin From Net: NetName=3V3 Pin=C13-1
Removed Pin From Net: NetName=GND Pin=C13-2
Removed Pin From Net: NetName=3V3 Pin=C14-1
Removed Pin From Net: NetName=GND Pin=C14-2
Removed Pin From Net: NetName=3V3 Pin=C15-1
Removed Pin From Net: NetName=GND Pin=C15-2
Removed Pin From Net: NetName=GND Pin=C16-2
Removed Pin From Net: NetName=GND Pin=D1-A
Removed Pin From Net: NetName=GND Pin=D2-A
Removed Pin From Net: NetName=GND Pin=J1-02
Removed Pin From Net: NetName=GND Pin=J2-02
Removed Pin From Net: NetName=3V3 Pin=J2-03
Removed Pin From Net: NetName=GND Pin=J3-02
Removed Pin From Net: NetName=GND Pin=J4-B
Removed Pin From Net: NetName=GND Pin=J4-C
Removed Pin From Net: NetName=GND Pin=J5-01
Removed Pin From Net: NetName=GND Pin=J6-01
Removed Pin From Net: NetName=3V3 Pin=L2-2
Removed Pin From Net: NetName=GND Pin=LD1-1
Removed Pin From Net: NetName=GND Pin=LD2-1
Removed Pin From Net: NetName=GND Pin=LD3-1
Removed Pin From Net: NetName=GND Pin=R3-1
Removed Pin From Net: NetName=GND Pin=R4-1
Removed Pin From Net: NetName=GND Pin=R5-1
Removed Pin From Net: NetName=3V3 Pin=R9-1
Removed Pin From Net: NetName=GND Pin=R10-1
Removed Pin From Net: NetName=GND Pin=R11-1
Removed Pin From Net: NetName=GND Pin=R12-1
Removed Pin From Net: NetName=GND Pin=R13-1
Removed Pin From Net: NetName=3V3 Pin=R16-1
Removed Pin From Net: NetName=3V3 Pin=TP5-1
Removed Pin From Net: NetName=GND Pin=TP7-1
Removed Pin From Net: NetName=GND Pin=U1-4
Removed Pin From Net: NetName=GND Pin=U1-6
Removed Pin From Net: NetName=GND Pin=U1-15
Change Component Description : Designator=C21 Old Description=0603 C 100nF Ceramic Multilayer Capacitor, 25 V, +125degC, X7R Dielectric, +/-5% New Description=0603 C 100nF Ceramic Multilayer Capacitor, 25 V, +125degC, X7R Dielectric, +/-5% | KEMET C0603C104J3RACTU
Change Component Description : Designator=C24 Old Description=0603 C 100nF Ceramic Multilayer Capacitor, 25 V, +125degC, X7R Dielectric, +/-5% New Description=0603 C 100nF Ceramic Multilayer Capacitor, 25 V, +125degC, X7R Dielectric, +/-5% | KEMET C0603C104J3RACTU
Change Component Description : Designator=C25 Old Description=0603 C 100nF Ceramic Multilayer Capacitor, 25 V, +125degC, X7R Dielectric, +/-5% New Description=0603 C 100nF Ceramic Multilayer Capacitor, 25 V, +125degC, X7R Dielectric, +/-5% | KEMET C0603C104J3RACTU
Change Component Description : Designator=C27 Old Description=0603 C 100nF Ceramic Multilayer Capacitor, 25 V, +125degC, X7R Dielectric, +/-5% New Description=0603 C 100nF Ceramic Multilayer Capacitor, 25 V, +125degC, X7R Dielectric, +/-5% | KEMET C0603C104J3RACTU
Change Component Description : Designator=C28 Old Description=0603 C 100nF Ceramic Multilayer Capacitor, 25 V, +125degC, X7R Dielectric, +/-5% New Description=0603 C 100nF Ceramic Multilayer Capacitor, 25 V, +125degC, X7R Dielectric, +/-5% | KEMET C0603C104J3RACTU
Change Component Description : Designator=C29 Old Description=0603 C 100nF Ceramic Multilayer Capacitor, 25 V, +125degC, X7R Dielectric, +/-5% New Description=0603 C 100nF Ceramic Multilayer Capacitor, 25 V, +125degC, X7R Dielectric, +/-5% | KEMET C0603C104J3RACTU
Change Component Description : Designator=C32 Old Description=0603 C 100nF Ceramic Multilayer Capacitor, 25 V, +125degC, X7R Dielectric, +/-5% New Description=0603 C 100nF Ceramic Multilayer Capacitor, 25 V, +125degC, X7R Dielectric, +/-5% | KEMET C0603C104J3RACTU
Change Component Description : Designator=C33 Old Description=0603 C 100nF Ceramic Multilayer Capacitor, 25 V, +125degC, X7R Dielectric, +/-5% New Description=0603 C 100nF Ceramic Multilayer Capacitor, 25 V, +125degC, X7R Dielectric, +/-5% | KEMET C0603C104J3RACTU
Change Component Description : Designator=C34 Old Description=0603 C 100nF Ceramic Multilayer Capacitor, 25 V, +125degC, X7R Dielectric, +/-5% New Description=0603 C 100nF Ceramic Multilayer Capacitor, 25 V, +125degC, X7R Dielectric, +/-5% | KEMET C0603C104J3RACTU
Change Component Description : Designator=C35 Old Description=0603 C 100nF Ceramic Multilayer Capacitor, 25 V, +125degC, X7R Dielectric, +/-5% New Description=0603 C 100nF Ceramic Multilayer Capacitor, 25 V, +125degC, X7R Dielectric, +/-5% | KEMET C0603C104J3RACTU
Change Component Description : Designator=C36 Old Description=0603 C 100nF Ceramic Multilayer Capacitor, 25 V, +125degC, X7R Dielectric, +/-5% New Description=0603 C 100nF Ceramic Multilayer Capacitor, 25 V, +125degC, X7R Dielectric, +/-5% | KEMET C0603C104J3RACTU
Change Component Description : Designator=C38 Old Description=0603 C 100nF Ceramic Multilayer Capacitor, 25 V, +125degC, X7R Dielectric, +/-5% New Description=0603 C 100nF Ceramic Multilayer Capacitor, 25 V, +125degC, X7R Dielectric, +/-5% | KEMET C0603C104J3RACTU
Change Component Description : Designator=C41 Old Description=0603 C 100nF Ceramic Multilayer Capacitor, 25 V, +125degC, X7R Dielectric, +/-5% New Description=0603 C 100nF Ceramic Multilayer Capacitor, 25 V, +125degC, X7R Dielectric, +/-5% | KEMET C0603C104J3RACTU
Change Component Description : Designator=C42 Old Description=0603 C 100nF Ceramic Multilayer Capacitor, 25 V, +125degC, X7R Dielectric, +/-5% New Description=0603 C 100nF Ceramic Multilayer Capacitor, 25 V, +125degC, X7R Dielectric, +/-5% | KEMET C0603C104J3RACTU
Change Component Description : Designator=C43 Old Description=0603 C 100nF Ceramic Multilayer Capacitor, 25 V, +125degC, X7R Dielectric, +/-5% New Description=0603 C 100nF Ceramic Multilayer Capacitor, 25 V, +125degC, X7R Dielectric, +/-5% | KEMET C0603C104J3RACTU
Change Component Description : Designator=C44 Old Description=0603 C 100nF Ceramic Multilayer Capacitor, 25 V, +125degC, X7R Dielectric, +/-5% New Description=0603 C 100nF Ceramic Multilayer Capacitor, 25 V, +125degC, X7R Dielectric, +/-5% | KEMET C0603C104J3RACTU
Change Component Description : Designator=C45 Old Description=0603 C 100nF Ceramic Multilayer Capacitor, 25 V, +125degC, X7R Dielectric, +/-5% New Description=0603 C 100nF Ceramic Multilayer Capacitor, 25 V, +125degC, X7R Dielectric, +/-5% | KEMET C0603C104J3RACTU
Change Component Description : Designator=C19 Old Description=Capacitor Ceramic C0G 0603 50V 20pF New Description=Capacitor Ceramic C0G 0603 50V 20pF | KEMET C0603C200J5GACTU
Change Component Description : Designator=C20 Old Description=Capacitor Ceramic C0G 0603 50V 20pF New Description=Capacitor Ceramic C0G 0603 50V 20pF | KEMET C0603C200J5GACTU
Change Component Description : Designator=C22 Old Description=Capacitor Ceramic C0G 0603 50V 20pF New Description=Capacitor Ceramic C0G 0603 50V 20pF | KEMET C0603C200J5GACTU
Change Component Description : Designator=C23 Old Description=Capacitor Ceramic C0G 0603 50V 20pF New Description=Capacitor Ceramic C0G 0603 50V 20pF | KEMET C0603C200J5GACTU
Change Component Description : Designator=C39 Old Description=Capacitor Ceramic C0G 0603 50V 20pF New Description=Capacitor Ceramic C0G 0603 50V 20pF | KEMET C0603C200J5GACTU
Change Component Description : Designator=C40 Old Description=Capacitor Ceramic C0G 0603 50V 20pF New Description=Capacitor Ceramic C0G 0603 50V 20pF | KEMET C0603C200J5GACTU
Change Component Description : Designator=R22 Old Description=Res 0805 330R 5% 125mW New Description=Res 0805 330R 5% 125mW | Bourns CR0805-JW-331ELF
